[NX v21.0.3 Daemon Server] - 2025-05-18T03:29:14.495Z - Started listening on: \\.\pipe\nx\C:\Users\VAIO\AppData\Local\Temp\6d3b45c7908d95dfe255\d.sock
[NX v21.0.3 Daemon Server] - 2025-05-18T03:29:14.621Z - [WATCHER]: Subscribed to changes within: C:\Users\VAIO\apps\aaa-proyectos-propios\dfs-invest-suite-container\metashark.tech (native)
[NX v21.0.3 Daemon Server] - 2025-05-18T03:29:14.626Z - Established a connection. Number of open connections: 1
[NX v21.0.3 Daemon Server] - 2025-05-18T03:29:14.627Z - Established a connection. Number of open connections: 2
[NX v21.0.3 Daemon Server] - 2025-05-18T03:29:14.631Z - Closed a connection. Number of open connections: 1
[NX v21.0.3 Daemon Server] - 2025-05-18T03:29:14.635Z - [REQUEST]: Client Request for Project Graph Received
[NX v21.0.3 Daemon Server] - 2025-05-18T03:29:17.833Z - Time taken for 'Load Nx Plugin: C:\Users\VAIO\apps\aaa-proyectos-propios\dfs-invest-suite-container\metashark.tech\node_modules\nx\src\plugins\js' 3178.1218ms
[NX v21.0.3 Daemon Server] - 2025-05-18T03:29:17.835Z - Time taken for 'Load Nx Plugin: C:\Users\VAIO\apps\aaa-proyectos-propios\dfs-invest-suite-container\metashark.tech\node_modules\nx\src\plugins\package-json' 3180.3681ms
[NX v21.0.3 Daemon Server] - 2025-05-18T03:29:17.874Z - Time taken for 'loadDefaultNxPlugins' 3221.2626999999998ms
[NX v21.0.3 Daemon Server] - 2025-05-18T03:29:18.341Z - Time taken for 'Load Nx Plugin: @nx/eslint/plugin' 3694.5674ms
[NX v21.0.3 Daemon Server] - 2025-05-18T03:29:18.386Z - Time taken for 'Load Nx Plugin: @nx/js/typescript' 3747.5401999999995ms
[NX v21.0.3 Daemon Server] - 2025-05-18T03:29:18.488Z - Time taken for 'Load Nx Plugin: @nx/jest/plugin' 3839.4491ms
[NX v21.0.3 Daemon Server] - 2025-05-18T03:29:18.609Z - Time taken for 'Load Nx Plugin: @nx/next/plugin' 3966.6820000000002ms
[NX v21.0.3 Daemon Server] - 2025-05-18T03:29:18.949Z - [REQUEST]: Updated workspace context based on watched changes, recomputing project graph...
[NX v21.0.3 Daemon Server] - 2025-05-18T03:29:18.950Z - [REQUEST]: 
[NX v21.0.3 Daemon Server] - 2025-05-18T03:29:18.951Z - [REQUEST]: 
[NX v21.0.3 Daemon Server] - 2025-05-18T03:29:19.026Z - Time taken for 'loadSpecifiedNxPlugins' 4118.4941ms
[NX v21.0.3 Daemon Server] - 2025-05-18T03:29:19.030Z - Established a connection. Number of open connections: 2
[NX v21.0.3 Daemon Server] - 2025-05-18T03:29:19.031Z - Established a connection. Number of open connections: 3
[NX v21.0.3 Daemon Server] - 2025-05-18T03:29:19.032Z - Established a connection. Number of open connections: 4
[NX v21.0.3 Daemon Server] - 2025-05-18T03:29:19.033Z - Established a connection. Number of open connections: 5
[NX v21.0.3 Daemon Server] - 2025-05-18T03:29:19.037Z - Closed a connection. Number of open connections: 4
[NX v21.0.3 Daemon Server] - 2025-05-18T03:29:19.037Z - Closed a connection. Number of open connections: 3
[NX v21.0.3 Daemon Server] - 2025-05-18T03:29:19.047Z - [REQUEST]: Responding to the client. handleHashGlob
[NX v21.0.3 Daemon Server] - 2025-05-18T03:29:19.058Z - [REQUEST]: Responding to the client. handleHashGlob
[NX v21.0.3 Daemon Server] - 2025-05-18T03:29:19.060Z - Established a connection. Number of open connections: 4
[NX v21.0.3 Daemon Server] - 2025-05-18T03:29:19.062Z - Established a connection. Number of open connections: 5
[NX v21.0.3 Daemon Server] - 2025-05-18T03:29:19.062Z - Closed a connection. Number of open connections: 4
[NX v21.0.3 Daemon Server] - 2025-05-18T03:29:19.065Z - Done responding to the client handleHashGlob
[NX v21.0.3 Daemon Server] - 2025-05-18T03:29:19.066Z - Handled HASH_GLOB. Handling time: 4. Response time: 19.
[NX v21.0.3 Daemon Server] - 2025-05-18T03:29:19.075Z - Established a connection. Number of open connections: 5
[NX v21.0.3 Daemon Server] - 2025-05-18T03:29:19.076Z - Established a connection. Number of open connections: 6
[NX v21.0.3 Daemon Server] - 2025-05-18T03:29:19.077Z - Done responding to the client handleHashGlob
[NX v21.0.3 Daemon Server] - 2025-05-18T03:29:19.077Z - Handled HASH_GLOB. Handling time: 7. Response time: 19.
[NX v21.0.3 Daemon Server] - 2025-05-18T03:29:19.082Z - [REQUEST]: Responding to the client. handleHashMultiGlob
[NX v21.0.3 Daemon Server] - 2025-05-18T03:29:19.084Z - Closed a connection. Number of open connections: 5
[NX v21.0.3 Daemon Server] - 2025-05-18T03:29:19.093Z - [REQUEST]: Responding to the client. handleGlob
[NX v21.0.3 Daemon Server] - 2025-05-18T03:29:19.094Z - Done responding to the client handleHashMultiGlob
[NX v21.0.3 Daemon Server] - 2025-05-18T03:29:19.094Z - Handled HASH_GLOB. Handling time: 1. Response time: 12.
[NX v21.0.3 Daemon Server] - 2025-05-18T03:29:19.096Z - Done responding to the client handleGlob
[NX v21.0.3 Daemon Server] - 2025-05-18T03:29:19.096Z - Handled GLOB. Handling time: 4. Response time: 3.
[NX v21.0.3 Daemon Server] - 2025-05-18T03:29:19.137Z - [REQUEST]: Responding to the client. handleHashMultiGlob
[NX v21.0.3 Daemon Server] - 2025-05-18T03:29:19.138Z - Done responding to the client handleHashMultiGlob
[NX v21.0.3 Daemon Server] - 2025-05-18T03:29:19.139Z - Handled HASH_GLOB. Handling time: 30. Response time: 2.
[NX v21.0.3 Daemon Server] - 2025-05-18T03:29:24.288Z - Time taken for 'build-project-configs' 5265.048200000001ms
[NX v21.0.3 Daemon Server] - 2025-05-18T03:29:24.290Z - Time taken for '@nx/js/typescript:createDependencies' 16.10739999999896ms
[NX v21.0.3 Daemon Server] - 2025-05-18T03:29:24.397Z - [SYNC]: collect registered sync generators
[NX v21.0.3 Daemon Server] - 2025-05-18T03:29:24.399Z - [SYNC]: scheduling: ["@nx/js:typescript-sync"]
[NX v21.0.3 Daemon Server] - 2025-05-18T03:29:24.399Z - [REQUEST]: Responding to the client. project-graph
[NX v21.0.3 Daemon Server] - 2025-05-18T03:29:24.402Z - Time taken for 'total for creating and serializing project graph' 9764.332600000002ms
[NX v21.0.3 Daemon Server] - 2025-05-18T03:29:24.403Z - Done responding to the client project-graph
[NX v21.0.3 Daemon Server] - 2025-05-18T03:29:24.403Z - Handled REQUEST_PROJECT_GRAPH. Handling time: 9764. Response time: 4.
[NX v21.0.3 Daemon Server] - 2025-05-18T03:29:24.441Z - Closed a connection. Number of open connections: 4
[NX v21.0.3 Daemon Server] - 2025-05-18T03:29:24.503Z - [SYNC]: running scheduled generator @nx/js:typescript-sync
[NX v21.0.3 Daemon Server] - 2025-05-18T03:29:25.523Z - Established a connection. Number of open connections: 5
[NX v21.0.3 Daemon Server] - 2025-05-18T03:29:25.523Z - Established a connection. Number of open connections: 6
[NX v21.0.3 Daemon Server] - 2025-05-18T03:29:25.524Z - Closed a connection. Number of open connections: 5
[NX v21.0.3 Daemon Server] - 2025-05-18T03:29:25.527Z - [REQUEST]: Client Request for Project Graph Received
[NX v21.0.3 Daemon Server] - 2025-05-18T03:29:25.529Z - [REQUEST]: Responding to the client. project-graph
[NX v21.0.3 Daemon Server] - 2025-05-18T03:29:25.531Z - Time taken for 'total for creating and serializing project graph' 1.5133999999998196ms
[NX v21.0.3 Daemon Server] - 2025-05-18T03:29:25.562Z - [SYNC]: @nx/js:typescript-sync changes: 
[NX v21.0.3 Daemon Server] - 2025-05-18T03:29:25.562Z - Time taken for 'run-sync-generator:@nx/js:typescript-sync' 1057.938900000001ms
[NX v21.0.3 Daemon Server] - 2025-05-18T03:29:25.563Z - Done responding to the client project-graph
[NX v21.0.3 Daemon Server] - 2025-05-18T03:29:25.563Z - Handled REQUEST_PROJECT_GRAPH. Handling time: 2. Response time: 34.
[NX v21.0.3 Daemon Server] - 2025-05-18T03:29:27.142Z - Established a connection. Number of open connections: 6
[NX v21.0.3 Daemon Server] - 2025-05-18T03:29:27.145Z - Closed a connection. Number of open connections: 5
[NX v21.0.3 Daemon Server] - 2025-05-18T03:29:27.148Z - Established a connection. Number of open connections: 6
[NX v21.0.3 Daemon Server] - 2025-05-18T03:29:27.166Z - [REQUEST]: Client Request for Project Graph Received
[NX v21.0.3 Daemon Server] - 2025-05-18T03:29:27.168Z - [REQUEST]: Responding to the client. project-graph
[NX v21.0.3 Daemon Server] - 2025-05-18T03:29:27.171Z - Time taken for 'total for creating and serializing project graph' 1.819100000000617ms
[NX v21.0.3 Daemon Server] - 2025-05-18T03:29:27.173Z - Done responding to the client project-graph
[NX v21.0.3 Daemon Server] - 2025-05-18T03:29:27.174Z - Handled REQUEST_PROJECT_GRAPH. Handling time: 2. Response time: 6.
[NX v21.0.3 Daemon Server] - 2025-05-18T03:29:27.221Z - Closed a connection. Number of open connections: 5
[NX v21.0.3 Daemon Server] - 2025-05-18T03:29:30.182Z - Established a connection. Number of open connections: 6
[NX v21.0.3 Daemon Server] - 2025-05-18T03:29:30.184Z - Closed a connection. Number of open connections: 5
[NX v21.0.3 Daemon Server] - 2025-05-18T03:29:30.187Z - Established a connection. Number of open connections: 6
[NX v21.0.3 Daemon Server] - 2025-05-18T03:29:30.207Z - [REQUEST]: Client Request for Project Graph Received
[NX v21.0.3 Daemon Server] - 2025-05-18T03:29:30.208Z - [REQUEST]: Responding to the client. project-graph
[NX v21.0.3 Daemon Server] - 2025-05-18T03:29:30.209Z - Time taken for 'total for creating and serializing project graph' 1.0807999999997264ms
[NX v21.0.3 Daemon Server] - 2025-05-18T03:29:30.210Z - Done responding to the client project-graph
[NX v21.0.3 Daemon Server] - 2025-05-18T03:29:30.210Z - Handled REQUEST_PROJECT_GRAPH. Handling time: 1. Response time: 2.
[NX v21.0.3 Daemon Server] - 2025-05-18T03:29:30.246Z - Closed a connection. Number of open connections: 5
[NX v21.0.3 Daemon Server] - 2025-05-18T03:29:33.292Z - Established a connection. Number of open connections: 6
[NX v21.0.3 Daemon Server] - 2025-05-18T03:29:33.293Z - Closed a connection. Number of open connections: 5
[NX v21.0.3 Daemon Server] - 2025-05-18T03:29:33.296Z - Established a connection. Number of open connections: 6
[NX v21.0.3 Daemon Server] - 2025-05-18T03:29:33.316Z - [REQUEST]: Client Request for Project Graph Received
[NX v21.0.3 Daemon Server] - 2025-05-18T03:29:33.318Z - [REQUEST]: Responding to the client. project-graph
[NX v21.0.3 Daemon Server] - 2025-05-18T03:29:33.319Z - Time taken for 'total for creating and serializing project graph' 1.4590000000025611ms
[NX v21.0.3 Daemon Server] - 2025-05-18T03:29:33.321Z - Done responding to the client project-graph
[NX v21.0.3 Daemon Server] - 2025-05-18T03:29:33.321Z - Handled REQUEST_PROJECT_GRAPH. Handling time: 1. Response time: 4.
[NX v21.0.3 Daemon Server] - 2025-05-18T03:29:33.350Z - Closed a connection. Number of open connections: 5
[NX v21.0.3 Daemon Server] - 2025-05-18T03:33:01.555Z - Established a connection. Number of open connections: 6
[NX v21.0.3 Daemon Server] - 2025-05-18T03:33:01.557Z - Closed a connection. Number of open connections: 5
[NX v21.0.3 Daemon Server] - 2025-05-18T03:33:01.560Z - Established a connection. Number of open connections: 6
[NX v21.0.3 Daemon Server] - 2025-05-18T03:33:01.576Z - [REQUEST]: Client Request for Project Graph Received
[NX v21.0.3 Daemon Server] - 2025-05-18T03:33:01.577Z - [REQUEST]: Responding to the client. project-graph
[NX v21.0.3 Daemon Server] - 2025-05-18T03:33:01.579Z - Time taken for 'total for creating and serializing project graph' 1.3672000000078697ms
[NX v21.0.3 Daemon Server] - 2025-05-18T03:33:01.580Z - Done responding to the client project-graph
[NX v21.0.3 Daemon Server] - 2025-05-18T03:33:01.581Z - Handled REQUEST_PROJECT_GRAPH. Handling time: 1. Response time: 4.
[NX v21.0.3 Daemon Server] - 2025-05-18T03:33:01.598Z - [REQUEST]: Responding to the client. handleRunPreTasksExecution
[NX v21.0.3 Daemon Server] - 2025-05-18T03:33:01.598Z - Time taken for 'preTasksExecution' 0.81950000001234ms
[NX v21.0.3 Daemon Server] - 2025-05-18T03:33:01.599Z - Done responding to the client handleRunPreTasksExecution
[NX v21.0.3 Daemon Server] - 2025-05-18T03:33:01.599Z - Handled PRE_TASKS_EXECUTION. Handling time: 1. Response time: 1.
[NX v21.0.3 Daemon Server] - 2025-05-18T03:33:02.979Z - [REQUEST]: Responding to the client. handleHashTasks
[NX v21.0.3 Daemon Server] - 2025-05-18T03:33:02.982Z - Done responding to the client handleHashTasks
[NX v21.0.3 Daemon Server] - 2025-05-18T03:33:02.982Z - Handled HASH_TASKS. Handling time: 488. Response time: 3.
[NX v21.0.3 Daemon Server] - 2025-05-18T03:33:04.768Z - [REQUEST]: Responding to the client. handleGetEstimatedTaskTimings
[NX v21.0.3 Daemon Server] - 2025-05-18T03:33:04.769Z - Done responding to the client handleGetEstimatedTaskTimings
[NX v21.0.3 Daemon Server] - 2025-05-18T03:33:04.769Z - Handled GET_ESTIMATED_TASK_TIMINGS. Handling time: 47. Response time: 1.
[NX v21.0.3 Daemon Server] - 2025-05-18T03:33:12.822Z - Established a connection. Number of open connections: 7
[NX v21.0.3 Daemon Server] - 2025-05-18T03:33:12.825Z - Closed a connection. Number of open connections: 6
[NX v21.0.3 Daemon Server] - 2025-05-18T03:33:12.826Z - Established a connection. Number of open connections: 7
[NX v21.0.3 Daemon Server] - 2025-05-18T03:33:12.835Z - [REQUEST]: Client Request for Project Graph Received
[NX v21.0.3 Daemon Server] - 2025-05-18T03:33:12.837Z - [REQUEST]: Responding to the client. project-graph
[NX v21.0.3 Daemon Server] - 2025-05-18T03:33:12.840Z - Time taken for 'total for creating and serializing project graph' 2.0859999999811407ms
[NX v21.0.3 Daemon Server] - 2025-05-18T03:33:12.841Z - Done responding to the client project-graph
[NX v21.0.3 Daemon Server] - 2025-05-18T03:33:12.842Z - Handled REQUEST_PROJECT_GRAPH. Handling time: 2. Response time: 5.
[NX v21.0.3 Daemon Server] - 2025-05-18T03:33:14.874Z - [WATCHER]: Processing file changes in outputs
[NX v21.0.3 Daemon Server] - 2025-05-18T03:33:15.050Z - [REQUEST]: Client Request for Project Graph Received
[NX v21.0.3 Daemon Server] - 2025-05-18T03:33:15.052Z - [REQUEST]: Responding to the client. project-graph
[NX v21.0.3 Daemon Server] - 2025-05-18T03:33:15.055Z - Time taken for 'total for creating and serializing project graph' 1.7354000000050291ms
[NX v21.0.3 Daemon Server] - 2025-05-18T03:33:15.056Z - Done responding to the client project-graph
[NX v21.0.3 Daemon Server] - 2025-05-18T03:33:15.057Z - Handled REQUEST_PROJECT_GRAPH. Handling time: 2. Response time: 5.
[NX v21.0.3 Daemon Server] - 2025-05-18T03:33:15.238Z - [WATCHER]: Processing file changes in outputs
[NX v21.0.3 Daemon Server] - 2025-05-18T03:33:20.986Z - [WATCHER]: Processing file changes in outputs
[NX v21.0.3 Daemon Server] - 2025-05-18T03:33:21.069Z - [WATCHER]: Processing file changes in outputs
[NX v21.0.3 Daemon Server] - 2025-05-18T03:33:24.239Z - [WATCHER]: Processing file changes in outputs
[NX v21.0.3 Daemon Server] - 2025-05-18T03:33:24.919Z - [WATCHER]: Processing file changes in outputs
[NX v21.0.3 Daemon Server] - 2025-05-18T03:33:39.329Z - [WATCHER]: Processing file changes in outputs
[NX v21.0.3 Daemon Server] - 2025-05-18T03:33:39.395Z - [WATCHER]: Processing file changes in outputs
[NX v21.0.3 Daemon Server] - 2025-05-18T03:33:39.486Z - [WATCHER]: Processing file changes in outputs
[NX v21.0.3 Daemon Server] - 2025-05-18T03:33:39.543Z - [WATCHER]: Processing file changes in outputs
[NX v21.0.3 Daemon Server] - 2025-05-18T03:33:39.672Z - [WATCHER]: Processing file changes in outputs
[NX v21.0.3 Daemon Server] - 2025-05-18T03:33:39.748Z - [WATCHER]: Processing file changes in outputs
[NX v21.0.3 Daemon Server] - 2025-05-18T03:33:51.089Z - [WATCHER]: Processing file changes in outputs
[NX v21.0.3 Daemon Server] - 2025-05-18T03:34:17.116Z - [WATCHER]: Processing file changes in outputs
[NX v21.0.3 Daemon Server] - 2025-05-18T03:34:17.177Z - [WATCHER]: Processing file changes in outputs
[NX v21.0.3 Daemon Server] - 2025-05-18T03:34:25.634Z - [WATCHER]: Processing file changes in outputs
[NX v21.0.3 Daemon Server] - 2025-05-18T03:34:25.706Z - [WATCHER]: Processing file changes in outputs
[NX v21.0.3 Daemon Server] - 2025-05-18T03:34:25.782Z - [WATCHER]: Processing file changes in outputs
[NX v21.0.3 Daemon Server] - 2025-05-18T03:34:26.934Z - [WATCHER]: Processing file changes in outputs
[NX v21.0.3 Daemon Server] - 2025-05-18T03:34:26.939Z - [WATCHER]: apps/metashark.tech/tsconfig.json was modified
[NX v21.0.3 Daemon Server] - 2025-05-18T03:34:27.046Z - [REQUEST]: Updated workspace context based on watched changes, recomputing project graph...
[NX v21.0.3 Daemon Server] - 2025-05-18T03:34:27.046Z - [REQUEST]: apps/metashark.tech/tsconfig.json
[NX v21.0.3 Daemon Server] - 2025-05-18T03:34:27.046Z - [REQUEST]: 
[NX v21.0.3 Daemon Server] - 2025-05-18T03:34:27.204Z - [REQUEST]: Responding to the client. handleHashGlob
[NX v21.0.3 Daemon Server] - 2025-05-18T03:34:27.224Z - [REQUEST]: Responding to the client. handleHashGlob
[NX v21.0.3 Daemon Server] - 2025-05-18T03:34:27.232Z - [REQUEST]: Responding to the client. handleHashMultiGlob
[NX v21.0.3 Daemon Server] - 2025-05-18T03:34:27.235Z - Time taken for 'hash changed files from watcher' 1.4675000000279397ms
[NX v21.0.3 Daemon Server] - 2025-05-18T03:34:27.248Z - Done responding to the client handleHashGlob
[NX v21.0.3 Daemon Server] - 2025-05-18T03:34:27.249Z - Handled HASH_GLOB. Handling time: 20. Response time: 45.
[NX v21.0.3 Daemon Server] - 2025-05-18T03:34:27.249Z - Done responding to the client handleHashGlob
[NX v21.0.3 Daemon Server] - 2025-05-18T03:34:27.249Z - Handled HASH_GLOB. Handling time: 17. Response time: 25.
[NX v21.0.3 Daemon Server] - 2025-05-18T03:34:27.250Z - Done responding to the client handleHashMultiGlob
[NX v21.0.3 Daemon Server] - 2025-05-18T03:34:27.251Z - Handled HASH_GLOB. Handling time: 4. Response time: 19.
[NX v21.0.3 Daemon Server] - 2025-05-18T03:34:27.439Z - [REQUEST]: Responding to the client. handleGlob
[NX v21.0.3 Daemon Server] - 2025-05-18T03:34:27.440Z - Done responding to the client handleGlob
[NX v21.0.3 Daemon Server] - 2025-05-18T03:34:27.440Z - Handled GLOB. Handling time: 2. Response time: 1.
[NX v21.0.3 Daemon Server] - 2025-05-18T03:34:27.490Z - [REQUEST]: Responding to the client. handleHashMultiGlob
[NX v21.0.3 Daemon Server] - 2025-05-18T03:34:27.491Z - Done responding to the client handleHashMultiGlob
[NX v21.0.3 Daemon Server] - 2025-05-18T03:34:27.491Z - Handled HASH_GLOB. Handling time: 42. Response time: 1.
[NX v21.0.3 Daemon Server] - 2025-05-18T03:34:38.813Z - Time taken for 'build-project-configs' 11728.31270000001ms
[NX v21.0.3 Daemon Server] - 2025-05-18T03:34:38.827Z - Time taken for '@nx/js/typescript:createDependencies' 28.213999999978114ms
[NX v21.0.3 Daemon Server] - 2025-05-18T03:34:39.005Z - [SYNC]: collect registered sync generators
[NX v21.0.3 Daemon Server] - 2025-05-18T03:34:39.007Z - [SYNC]: project graph hash is the same, not collecting task sync generators
[NX v21.0.3 Daemon Server] - 2025-05-18T03:34:39.007Z - [SYNC]: nx.json hash is the same, not collecting global sync generators
[NX v21.0.3 Daemon Server] - 2025-05-18T03:34:39.007Z - [SYNC]: scheduling: ["@nx/js:typescript-sync"]
[NX v21.0.3 Daemon Server] - 2025-05-18T03:34:39.008Z - Time taken for 'total execution time for createProjectGraph()' 162.84269999997923ms
[NX v21.0.3 Daemon Server] - 2025-05-18T03:34:39.228Z - [SYNC]: running scheduled generator @nx/js:typescript-sync
[NX v21.0.3 Daemon Server] - 2025-05-18T03:34:39.239Z - [REQUEST]: Client Request for Project Graph Received
[NX v21.0.3 Daemon Server] - 2025-05-18T03:34:39.241Z - [REQUEST]: Responding to the client. project-graph
[NX v21.0.3 Daemon Server] - 2025-05-18T03:34:39.243Z - Time taken for 'total for creating and serializing project graph' 1.5630999999702908ms
[NX v21.0.3 Daemon Server] - 2025-05-18T03:34:39.312Z - [SYNC]: @nx/js:typescript-sync changes: 
[NX v21.0.3 Daemon Server] - 2025-05-18T03:34:39.312Z - Time taken for 'run-sync-generator:@nx/js:typescript-sync' 83.27759999997215ms
[NX v21.0.3 Daemon Server] - 2025-05-18T03:34:39.313Z - Done responding to the client project-graph
[NX v21.0.3 Daemon Server] - 2025-05-18T03:34:39.313Z - Handled REQUEST_PROJECT_GRAPH. Handling time: 2. Response time: 72.
[NX v21.0.3 Daemon Server] - 2025-05-18T03:34:41.057Z - [WATCHER]: Processing file changes in outputs
[NX v21.0.3 Daemon Server] - 2025-05-18T03:34:42.606Z - [WATCHER]: Processing file changes in outputs
[NX v21.0.3 Daemon Server] - 2025-05-18T03:34:45.076Z - [WATCHER]: Processing file changes in outputs
[NX v21.0.3 Daemon Server] - 2025-05-18T03:34:45.126Z - [WATCHER]: Processing file changes in outputs
[NX v21.0.3 Daemon Server] - 2025-05-18T03:34:49.525Z - [WATCHER]: Processing file changes in outputs
[NX v21.0.3 Daemon Server] - 2025-05-18T03:34:49.590Z - [WATCHER]: Processing file changes in outputs
[NX v21.0.3 Daemon Server] - 2025-05-18T03:34:54.344Z - [WATCHER]: Processing file changes in outputs
[NX v21.0.3 Daemon Server] - 2025-05-18T03:34:54.856Z - [WATCHER]: Processing file changes in outputs
[NX v21.0.3 Daemon Server] - 2025-05-18T03:34:55.320Z - [WATCHER]: Processing file changes in outputs
[NX v21.0.3 Daemon Server] - 2025-05-18T03:34:55.637Z - [WATCHER]: Processing file changes in outputs
[NX v21.0.3 Daemon Server] - 2025-05-18T03:34:56.216Z - [WATCHER]: Processing file changes in outputs
[NX v21.0.3 Daemon Server] - 2025-05-18T03:34:56.338Z - [WATCHER]: Processing file changes in outputs
[NX v21.0.3 Daemon Server] - 2025-05-18T03:34:56.419Z - [WATCHER]: Processing file changes in outputs
[NX v21.0.3 Daemon Server] - 2025-05-18T03:34:56.795Z - [WATCHER]: Processing file changes in outputs
[NX v21.0.3 Daemon Server] - 2025-05-18T03:34:57.070Z - [WATCHER]: Processing file changes in outputs
[NX v21.0.3 Daemon Server] - 2025-05-18T03:34:57.233Z - [WATCHER]: Processing file changes in outputs
[NX v21.0.3 Daemon Server] - 2025-05-18T03:34:57.351Z - [WATCHER]: Processing file changes in outputs
[NX v21.0.3 Daemon Server] - 2025-05-18T03:34:57.886Z - [WATCHER]: Processing file changes in outputs
[NX v21.0.3 Daemon Server] - 2025-05-18T03:34:58.011Z - [WATCHER]: Processing file changes in outputs
[NX v21.0.3 Daemon Server] - 2025-05-18T03:34:58.183Z - [WATCHER]: Processing file changes in outputs
[NX v21.0.3 Daemon Server] - 2025-05-18T03:34:58.321Z - [WATCHER]: Processing file changes in outputs
[NX v21.0.3 Daemon Server] - 2025-05-18T03:34:58.517Z - [WATCHER]: Processing file changes in outputs
[NX v21.0.3 Daemon Server] - 2025-05-18T03:34:58.589Z - [WATCHER]: Processing file changes in outputs
[NX v21.0.3 Daemon Server] - 2025-05-18T03:34:58.708Z - [WATCHER]: Processing file changes in outputs
[NX v21.0.3 Daemon Server] - 2025-05-18T03:34:58.776Z - [WATCHER]: Processing file changes in outputs
[NX v21.0.3 Daemon Server] - 2025-05-18T03:35:28.924Z - [WATCHER]: Processing file changes in outputs
[NX v21.0.3 Daemon Server] - 2025-05-18T03:35:28.963Z - Closed a connection. Number of open connections: 6
[NX v21.0.3 Daemon Server] - 2025-05-18T03:35:28.981Z - [WATCHER]: Processing file changes in outputs
[NX v21.0.3 Daemon Server] - 2025-05-18T03:35:29.227Z - [REQUEST]: Responding to the client. recordOutputsHash
[NX v21.0.3 Daemon Server] - 2025-05-18T03:35:29.228Z - Done responding to the client recordOutputsHash
[NX v21.0.3 Daemon Server] - 2025-05-18T03:35:29.228Z - Handled RECORD_OUTPUTS_HASH. Handling time: 53. Response time: 1.
[NX v21.0.3 Daemon Server] - 2025-05-18T03:35:37.168Z - [REQUEST]: Responding to the client. PROCESS_IN_BACKGROUND
[NX v21.0.3 Daemon Server] - 2025-05-18T03:35:37.170Z - Uploading file artifacts
[NX v21.0.3 Daemon Server] - 2025-05-18T03:35:37.199Z - Done responding to the client PROCESS_IN_BACKGROUND
[NX v21.0.3 Daemon Server] - 2025-05-18T03:35:37.200Z - Handled PROCESS_IN_BACKGROUND. Handling time: 3060. Response time: 32.
[NX v21.0.3 Daemon Server] - 2025-05-18T03:35:37.589Z - [REQUEST]: Responding to the client. handleRunPostTasksExecution
[NX v21.0.3 Daemon Server] - 2025-05-18T03:35:37.592Z - Time taken for 'postTasksExecution' 1.3790000000153668ms
[NX v21.0.3 Daemon Server] - 2025-05-18T03:35:37.602Z - Done responding to the client handleRunPostTasksExecution
[NX v21.0.3 Daemon Server] - 2025-05-18T03:35:37.602Z - Handled POST_TASKS_EXECUTION. Handling time: 4. Response time: 13.
[NX v21.0.3 Daemon Server] - 2025-05-18T03:35:37.646Z - Closed a connection. Number of open connections: 5
[NX v21.0.3 Daemon Server] - 2025-05-18T03:35:45.820Z - Established a connection. Number of open connections: 6
[NX v21.0.3 Daemon Server] - 2025-05-18T03:35:45.822Z - Established a connection. Number of open connections: 7
[NX v21.0.3 Daemon Server] - 2025-05-18T03:35:45.823Z - Closed a connection. Number of open connections: 6
[NX v21.0.3 Daemon Server] - 2025-05-18T03:35:45.853Z - [REQUEST]: Client Request for Project Graph Received
[NX v21.0.3 Daemon Server] - 2025-05-18T03:35:45.855Z - [REQUEST]: Responding to the client. project-graph
[NX v21.0.3 Daemon Server] - 2025-05-18T03:35:45.858Z - Time taken for 'total for creating and serializing project graph' 1.8559999999706633ms
[NX v21.0.3 Daemon Server] - 2025-05-18T03:35:45.860Z - Done responding to the client project-graph
[NX v21.0.3 Daemon Server] - 2025-05-18T03:35:45.860Z - Handled REQUEST_PROJECT_GRAPH. Handling time: 2. Response time: 5.
[NX v21.0.3 Daemon Server] - 2025-05-18T03:35:45.887Z - [REQUEST]: Responding to the client. handleRunPreTasksExecution
[NX v21.0.3 Daemon Server] - 2025-05-18T03:35:45.887Z - Time taken for 'preTasksExecution' 1.0187000000150874ms
[NX v21.0.3 Daemon Server] - 2025-05-18T03:35:45.888Z - Done responding to the client handleRunPreTasksExecution
[NX v21.0.3 Daemon Server] - 2025-05-18T03:35:45.888Z - Handled PRE_TASKS_EXECUTION. Handling time: 1. Response time: 1.
[NX v21.0.3 Daemon Server] - 2025-05-18T03:35:45.902Z - Closed a connection. Number of open connections: 5
[NX v21.0.3 Daemon Server] - 2025-05-18T03:35:46.369Z - Done uploading file artifacts
[NX v21.0.3 Daemon Server] - 2025-05-18T03:35:46.370Z - Sending EndRun request
[NX v21.0.3 Daemon Server] - 2025-05-18T03:35:46.642Z - Done sending EndRun request
[NX v21.0.3 Daemon Server] - 2025-05-18T03:35:51.074Z - Established a connection. Number of open connections: 6
[NX v21.0.3 Daemon Server] - 2025-05-18T03:35:51.076Z - Closed a connection. Number of open connections: 5
[NX v21.0.3 Daemon Server] - 2025-05-18T03:35:51.078Z - Established a connection. Number of open connections: 6
[NX v21.0.3 Daemon Server] - 2025-05-18T03:35:51.103Z - [REQUEST]: Client Request for Project Graph Received
[NX v21.0.3 Daemon Server] - 2025-05-18T03:35:51.105Z - [REQUEST]: Responding to the client. project-graph
[NX v21.0.3 Daemon Server] - 2025-05-18T03:35:51.107Z - Time taken for 'total for creating and serializing project graph' 1.6265000000130385ms
[NX v21.0.3 Daemon Server] - 2025-05-18T03:35:51.108Z - Done responding to the client project-graph
[NX v21.0.3 Daemon Server] - 2025-05-18T03:35:51.109Z - Handled REQUEST_PROJECT_GRAPH. Handling time: 2. Response time: 4.
[NX v21.0.3 Daemon Server] - 2025-05-18T03:35:51.137Z - [REQUEST]: Responding to the client. handleRunPreTasksExecution
[NX v21.0.3 Daemon Server] - 2025-05-18T03:35:51.137Z - Time taken for 'preTasksExecution' 1.1728000000002794ms
[NX v21.0.3 Daemon Server] - 2025-05-18T03:35:51.138Z - Done responding to the client handleRunPreTasksExecution
[NX v21.0.3 Daemon Server] - 2025-05-18T03:35:51.138Z - Handled PRE_TASKS_EXECUTION. Handling time: 2. Response time: 1.
[NX v21.0.3 Daemon Server] - 2025-05-18T03:35:51.415Z - [REQUEST]: Responding to the client. handleHashTasks
[NX v21.0.3 Daemon Server] - 2025-05-18T03:35:51.421Z - Done responding to the client handleHashTasks
[NX v21.0.3 Daemon Server] - 2025-05-18T03:35:51.421Z - Handled HASH_TASKS. Handling time: 79. Response time: 6.
[NX v21.0.3 Daemon Server] - 2025-05-18T03:35:52.725Z - [REQUEST]: Responding to the client. handleGetEstimatedTaskTimings
[NX v21.0.3 Daemon Server] - 2025-05-18T03:35:52.726Z - Done responding to the client handleGetEstimatedTaskTimings
[NX v21.0.3 Daemon Server] - 2025-05-18T03:35:52.726Z - Handled GET_ESTIMATED_TASK_TIMINGS. Handling time: 1. Response time: 2.
[NX v21.0.3 Daemon Server] - 2025-05-18T03:36:25.210Z - [REQUEST]: Responding to the client. recordOutputsHash
[NX v21.0.3 Daemon Server] - 2025-05-18T03:36:25.214Z - Done responding to the client recordOutputsHash
[NX v21.0.3 Daemon Server] - 2025-05-18T03:36:25.214Z - Handled RECORD_OUTPUTS_HASH. Handling time: 0. Response time: 4.
[NX v21.0.3 Daemon Server] - 2025-05-18T03:36:26.507Z - [REQUEST]: Responding to the client. PROCESS_IN_BACKGROUND
[NX v21.0.3 Daemon Server] - 2025-05-18T03:36:26.508Z - Uploading file artifacts
[NX v21.0.3 Daemon Server] - 2025-05-18T03:36:26.522Z - Done responding to the client PROCESS_IN_BACKGROUND
[NX v21.0.3 Daemon Server] - 2025-05-18T03:36:26.523Z - Handled PROCESS_IN_BACKGROUND. Handling time: 440. Response time: 16.
[NX v21.0.3 Daemon Server] - 2025-05-18T03:36:26.548Z - [REQUEST]: Responding to the client. handleRunPostTasksExecution
[NX v21.0.3 Daemon Server] - 2025-05-18T03:36:26.548Z - Time taken for 'postTasksExecution' 1.562999999965541ms
[NX v21.0.3 Daemon Server] - 2025-05-18T03:36:26.550Z - Done responding to the client handleRunPostTasksExecution
[NX v21.0.3 Daemon Server] - 2025-05-18T03:36:26.550Z - Handled POST_TASKS_EXECUTION. Handling time: 2. Response time: 2.
[NX v21.0.3 Daemon Server] - 2025-05-18T03:36:26.566Z - Closed a connection. Number of open connections: 5
[NX v21.0.3 Daemon Server] - 2025-05-18T03:36:27.652Z - Done uploading file artifacts
[NX v21.0.3 Daemon Server] - 2025-05-18T03:36:27.653Z - Sending EndRun request
[NX v21.0.3 Daemon Server] - 2025-05-18T03:36:27.915Z - Done sending EndRun request
[NX v21.0.3 Daemon Server] - 2025-05-18T03:36:29.964Z - Established a connection. Number of open connections: 6
[NX v21.0.3 Daemon Server] - 2025-05-18T03:36:29.966Z - Closed a connection. Number of open connections: 5
[NX v21.0.3 Daemon Server] - 2025-05-18T03:36:29.970Z - Established a connection. Number of open connections: 6
[NX v21.0.3 Daemon Server] - 2025-05-18T03:36:29.996Z - [REQUEST]: Client Request for Project Graph Received
[NX v21.0.3 Daemon Server] - 2025-05-18T03:36:29.999Z - [REQUEST]: Responding to the client. project-graph
[NX v21.0.3 Daemon Server] - 2025-05-18T03:36:30.001Z - Time taken for 'total for creating and serializing project graph' 2.7704000000376254ms
[NX v21.0.3 Daemon Server] - 2025-05-18T03:36:30.002Z - Done responding to the client project-graph
[NX v21.0.3 Daemon Server] - 2025-05-18T03:36:30.002Z - Handled REQUEST_PROJECT_GRAPH. Handling time: 3. Response time: 3.
[NX v21.0.3 Daemon Server] - 2025-05-18T03:36:30.039Z - [REQUEST]: Responding to the client. handleRunPreTasksExecution
[NX v21.0.3 Daemon Server] - 2025-05-18T03:36:30.039Z - Time taken for 'preTasksExecution' 1.1731000000145286ms
[NX v21.0.3 Daemon Server] - 2025-05-18T03:36:30.040Z - Done responding to the client handleRunPreTasksExecution
[NX v21.0.3 Daemon Server] - 2025-05-18T03:36:30.040Z - Handled PRE_TASKS_EXECUTION. Handling time: 1. Response time: 1.
[NX v21.0.3 Daemon Server] - 2025-05-18T03:36:30.286Z - [REQUEST]: Responding to the client. handleHashTasks
[NX v21.0.3 Daemon Server] - 2025-05-18T03:36:30.287Z - Done responding to the client handleHashTasks
[NX v21.0.3 Daemon Server] - 2025-05-18T03:36:30.287Z - Handled HASH_TASKS. Handling time: 24. Response time: 1.
[NX v21.0.3 Daemon Server] - 2025-05-18T03:36:33.766Z - [REQUEST]: Responding to the client. handleGetEstimatedTaskTimings
[NX v21.0.3 Daemon Server] - 2025-05-18T03:36:33.769Z - Done responding to the client handleGetEstimatedTaskTimings
[NX v21.0.3 Daemon Server] - 2025-05-18T03:36:33.770Z - Handled GET_ESTIMATED_TASK_TIMINGS. Handling time: 1. Response time: 4.
[NX v21.0.3 Daemon Server] - 2025-05-18T03:36:33.866Z - [REQUEST]: Responding to the client. outputsHashesMatch
[NX v21.0.3 Daemon Server] - 2025-05-18T03:36:33.867Z - Done responding to the client outputsHashesMatch
[NX v21.0.3 Daemon Server] - 2025-05-18T03:36:33.867Z - Handled OUTPUTS_HASHES_MATCH. Handling time: 1. Response time: 1.
[NX v21.0.3 Daemon Server] - 2025-05-18T03:36:33.883Z - [REQUEST]: Responding to the client. recordOutputsHash
[NX v21.0.3 Daemon Server] - 2025-05-18T03:36:33.884Z - Done responding to the client recordOutputsHash
[NX v21.0.3 Daemon Server] - 2025-05-18T03:36:33.884Z - Handled RECORD_OUTPUTS_HASH. Handling time: 1. Response time: 1.
[NX v21.0.3 Daemon Server] - 2025-05-18T03:36:34.842Z - [REQUEST]: Responding to the client. PROCESS_IN_BACKGROUND
[NX v21.0.3 Daemon Server] - 2025-05-18T03:36:34.844Z - Done responding to the client PROCESS_IN_BACKGROUND
[NX v21.0.3 Daemon Server] - 2025-05-18T03:36:34.844Z - Handled PROCESS_IN_BACKGROUND. Handling time: 500. Response time: 2.
[NX v21.0.3 Daemon Server] - 2025-05-18T03:36:34.845Z - Uploading file artifacts
[NX v21.0.3 Daemon Server] - 2025-05-18T03:36:34.845Z - Done uploading file artifacts
[NX v21.0.3 Daemon Server] - 2025-05-18T03:36:34.845Z - Sending EndRun request
[NX v21.0.3 Daemon Server] - 2025-05-18T03:36:34.868Z - [REQUEST]: Responding to the client. handleRunPostTasksExecution
[NX v21.0.3 Daemon Server] - 2025-05-18T03:36:34.869Z - Time taken for 'postTasksExecution' 1.9933999999775551ms
[NX v21.0.3 Daemon Server] - 2025-05-18T03:36:34.871Z - Done responding to the client handleRunPostTasksExecution
[NX v21.0.3 Daemon Server] - 2025-05-18T03:36:34.871Z - Handled POST_TASKS_EXECUTION. Handling time: 2. Response time: 3.
[NX v21.0.3 Daemon Server] - 2025-05-18T03:36:34.955Z - Closed a connection. Number of open connections: 5
[NX v21.0.3 Daemon Server] - 2025-05-18T03:36:35.297Z - Done sending EndRun request
[NX v21.0.3 Daemon Server] - 2025-05-18T03:39:27.462Z - Established a connection. Number of open connections: 6
[NX v21.0.3 Daemon Server] - 2025-05-18T03:39:27.463Z - Closed a connection. Number of open connections: 5
[NX v21.0.3 Daemon Server] - 2025-05-18T03:39:27.466Z - Established a connection. Number of open connections: 6
[NX v21.0.3 Daemon Server] - 2025-05-18T03:39:27.488Z - [REQUEST]: Client Request for Project Graph Received
[NX v21.0.3 Daemon Server] - 2025-05-18T03:39:27.490Z - [REQUEST]: Responding to the client. project-graph
[NX v21.0.3 Daemon Server] - 2025-05-18T03:39:27.491Z - Time taken for 'total for creating and serializing project graph' 1.255200000014156ms
[NX v21.0.3 Daemon Server] - 2025-05-18T03:39:27.492Z - Done responding to the client project-graph
[NX v21.0.3 Daemon Server] - 2025-05-18T03:39:27.493Z - Handled REQUEST_PROJECT_GRAPH. Handling time: 2. Response time: 3.
[NX v21.0.3 Daemon Server] - 2025-05-18T03:39:27.510Z - [REQUEST]: Responding to the client. handleRunPreTasksExecution
[NX v21.0.3 Daemon Server] - 2025-05-18T03:39:27.510Z - Time taken for 'preTasksExecution' 0.9777999999932945ms
[NX v21.0.3 Daemon Server] - 2025-05-18T03:39:27.512Z - Done responding to the client handleRunPreTasksExecution
[NX v21.0.3 Daemon Server] - 2025-05-18T03:39:27.512Z - Handled PRE_TASKS_EXECUTION. Handling time: 1. Response time: 2.
[NX v21.0.3 Daemon Server] - 2025-05-18T03:39:27.623Z - [REQUEST]: Responding to the client. handleHashTasks
[NX v21.0.3 Daemon Server] - 2025-05-18T03:39:27.625Z - Done responding to the client handleHashTasks
[NX v21.0.3 Daemon Server] - 2025-05-18T03:39:27.625Z - Handled HASH_TASKS. Handling time: 18. Response time: 2.
[NX v21.0.3 Daemon Server] - 2025-05-18T03:39:28.659Z - [REQUEST]: Responding to the client. handleGetEstimatedTaskTimings
[NX v21.0.3 Daemon Server] - 2025-05-18T03:39:28.660Z - Done responding to the client handleGetEstimatedTaskTimings
[NX v21.0.3 Daemon Server] - 2025-05-18T03:39:28.660Z - Handled GET_ESTIMATED_TASK_TIMINGS. Handling time: 1. Response time: 1.
[NX v21.0.3 Daemon Server] - 2025-05-18T03:39:40.522Z - [REQUEST]: Responding to the client. recordOutputsHash
[NX v21.0.3 Daemon Server] - 2025-05-18T03:39:40.523Z - Done responding to the client recordOutputsHash
[NX v21.0.3 Daemon Server] - 2025-05-18T03:39:40.523Z - Handled RECORD_OUTPUTS_HASH. Handling time: 0. Response time: 1.
[NX v21.0.3 Daemon Server] - 2025-05-18T03:39:41.145Z - [REQUEST]: Responding to the client. PROCESS_IN_BACKGROUND
[NX v21.0.3 Daemon Server] - 2025-05-18T03:39:41.147Z - Uploading file artifacts
[NX v21.0.3 Daemon Server] - 2025-05-18T03:39:41.163Z - Done responding to the client PROCESS_IN_BACKGROUND
[NX v21.0.3 Daemon Server] - 2025-05-18T03:39:41.163Z - Handled PROCESS_IN_BACKGROUND. Handling time: 233. Response time: 18.
[NX v21.0.3 Daemon Server] - 2025-05-18T03:39:41.187Z - [REQUEST]: Responding to the client. handleRunPostTasksExecution
[NX v21.0.3 Daemon Server] - 2025-05-18T03:39:41.188Z - Time taken for 'postTasksExecution' 4.239700000034645ms
[NX v21.0.3 Daemon Server] - 2025-05-18T03:39:41.191Z - Done responding to the client handleRunPostTasksExecution
[NX v21.0.3 Daemon Server] - 2025-05-18T03:39:41.191Z - Handled POST_TASKS_EXECUTION. Handling time: 5. Response time: 4.
[NX v21.0.3 Daemon Server] - 2025-05-18T03:39:41.254Z - Closed a connection. Number of open connections: 5
[NX v21.0.3 Daemon Server] - 2025-05-18T03:39:42.149Z - Done uploading file artifacts
[NX v21.0.3 Daemon Server] - 2025-05-18T03:39:42.150Z - Sending EndRun request
[NX v21.0.3 Daemon Server] - 2025-05-18T03:39:42.415Z - Done sending EndRun request
[NX v21.0.3 Daemon Server] - 2025-05-18T04:26:26.095Z - Established a connection. Number of open connections: 6
[NX v21.0.3 Daemon Server] - 2025-05-18T04:26:26.141Z - Closed a connection. Number of open connections: 5
[NX v21.0.3 Daemon Server] - 2025-05-18T04:26:26.142Z - Established a connection. Number of open connections: 6
[NX v21.0.3 Daemon Server] - 2025-05-18T04:26:26.143Z - Established a connection. Number of open connections: 7
[NX v21.0.3 Daemon Server] - 2025-05-18T04:26:26.143Z - Closed a connection. Number of open connections: 6
[NX v21.0.3 Daemon Server] - 2025-05-18T04:26:26.233Z - [REQUEST]: Client Request for Project Graph Received
[NX v21.0.3 Daemon Server] - 2025-05-18T04:26:26.242Z - [REQUEST]: Responding to the client. project-graph
[NX v21.0.3 Daemon Server] - 2025-05-18T04:26:26.308Z - Time taken for 'total for creating and serializing project graph' 9.45339999999851ms
[NX v21.0.3 Daemon Server] - 2025-05-18T04:26:26.315Z - Done responding to the client project-graph
[NX v21.0.3 Daemon Server] - 2025-05-18T04:26:26.315Z - Handled REQUEST_PROJECT_GRAPH. Handling time: 11. Response time: 73.
[NX v21.0.3 Daemon Server] - 2025-05-18T04:26:26.429Z - [REQUEST]: Responding to the client. handleContextFileData
[NX v21.0.3 Daemon Server] - 2025-05-18T04:26:26.431Z - Done responding to the client handleContextFileData
[NX v21.0.3 Daemon Server] - 2025-05-18T04:26:26.431Z - Handled GET_CONTEXT_FILE_DATA. Handling time: 96. Response time: 2.
[NX v21.0.3 Daemon Server] - 2025-05-18T04:26:26.433Z - Closed a connection. Number of open connections: 5
[NX v21.0.3 Daemon Server] - 2025-05-18T04:30:02.687Z - [WATCHER]: Processing file changes in outputs
[NX v21.0.3 Daemon Server] - 2025-05-18T04:30:02.776Z - [WATCHER]: horizons-export-106e6770-8cab-4af5-a077-9188795bb747-website-webhostinger/index.html was modified
[NX v21.0.3 Daemon Server] - 2025-05-18T04:30:02.814Z - [WATCHER]: 0 file(s) created or restored, 2 file(s) modified, 0 file(s) deleted
[NX v21.0.3 Daemon Server] - 2025-05-18T04:30:02.815Z - [WATCHER]: Processing file changes in outputs
[NX v21.0.3 Daemon Server] - 2025-05-18T04:30:02.840Z - [WATCHER]: 0 file(s) created or restored, 3 file(s) modified, 0 file(s) deleted
[NX v21.0.3 Daemon Server] - 2025-05-18T04:30:02.845Z - [WATCHER]: Processing file changes in outputs
[NX v21.0.3 Daemon Server] - 2025-05-18T04:30:02.902Z - [WATCHER]: 0 file(s) created or restored, 2 file(s) modified, 0 file(s) deleted
[NX v21.0.3 Daemon Server] - 2025-05-18T04:30:02.985Z - [REQUEST]: Updated workspace context based on watched changes, recomputing project graph...
[NX v21.0.3 Daemon Server] - 2025-05-18T04:30:02.986Z - [REQUEST]: horizons-export-106e6770-8cab-4af5-a077-9188795bb747-website-webhostinger/index.html,horizons-export-106e6770-8cab-4af5-a077-9188795bb747-website-webhostinger/package.json,horizons-export-106e6770-8cab-4af5-a077-9188795bb747-website-webhostinger/package-lock.json,horizons-export-106e6770-8cab-4af5-a077-9188795bb747-website-webhostinger/tailwind.config.js,horizons-export-106e6770-8cab-4af5-a077-9188795bb747-website-webhostinger/postcss.config.js,horizons-export-106e6770-8cab-4af5-a077-9188795bb747-website-webhostinger/public/.htaccess,horizons-export-106e6770-8cab-4af5-a077-9188795bb747-website-webhostinger/vite.config.js
[NX v21.0.3 Daemon Server] - 2025-05-18T04:30:02.986Z - [REQUEST]: 
[NX v21.0.3 Daemon Server] - 2025-05-18T04:30:03.137Z - [WATCHER]: Processing file changes in outputs
[NX v21.0.3 Daemon Server] - 2025-05-18T04:30:03.137Z - [WATCHER]: Processing file changes in outputs
[NX v21.0.3 Daemon Server] - 2025-05-18T04:30:03.138Z - [WATCHER]: Processing file changes in outputs
[NX v21.0.3 Daemon Server] - 2025-05-18T04:30:03.138Z - [WATCHER]: Processing file changes in outputs
[NX v21.0.3 Daemon Server] - 2025-05-18T04:30:03.141Z - [WATCHER]: 0 file(s) created or restored, 2 file(s) modified, 0 file(s) deleted
[NX v21.0.3 Daemon Server] - 2025-05-18T04:30:03.144Z - [WATCHER]: 0 file(s) created or restored, 3 file(s) modified, 0 file(s) deleted
[NX v21.0.3 Daemon Server] - 2025-05-18T04:30:03.149Z - [WATCHER]: 0 file(s) created or restored, 2 file(s) modified, 0 file(s) deleted
[NX v21.0.3 Daemon Server] - 2025-05-18T04:30:03.151Z - Time taken for 'hash changed files from watcher' 19.2972999997437ms
[NX v21.0.3 Daemon Server] - 2025-05-18T04:30:03.346Z - [REQUEST]: Updated workspace context based on watched changes, recomputing project graph...
[NX v21.0.3 Daemon Server] - 2025-05-18T04:30:03.346Z - [REQUEST]: horizons-export-106e6770-8cab-4af5-a077-9188795bb747-website-webhostinger/index.html,horizons-export-106e6770-8cab-4af5-a077-9188795bb747-website-webhostinger/package.json,horizons-export-106e6770-8cab-4af5-a077-9188795bb747-website-webhostinger/package-lock.json,horizons-export-106e6770-8cab-4af5-a077-9188795bb747-website-webhostinger/tailwind.config.js,horizons-export-106e6770-8cab-4af5-a077-9188795bb747-website-webhostinger/postcss.config.js,horizons-export-106e6770-8cab-4af5-a077-9188795bb747-website-webhostinger/public/.htaccess,horizons-export-106e6770-8cab-4af5-a077-9188795bb747-website-webhostinger/vite.config.js,horizons-export-106e6770-8cab-4af5-a077-9188795bb747-website-webhostinger/src/App.jsx,horizons-export-106e6770-8cab-4af5-a077-9188795bb747-website-webhostinger/src/index.css,horizons-export-106e6770-8cab-4af5-a077-9188795bb747-website-webhostinger/src/main.jsx,horizons-export-106e6770-8cab-4af5-a077-9188795bb747-website-webhostinger/src/components/LoginDialog.jsx,horizons-export-106e6770-8cab-4af5-a077-9188795bb747-website-webhostinger/src/components/MatrixTerminal.jsx
[NX v21.0.3 Daemon Server] - 2025-05-18T04:30:03.346Z - [REQUEST]: 
[NX v21.0.3 Daemon Server] - 2025-05-18T04:30:03.364Z - [WATCHER]: Processing file changes in outputs
[NX v21.0.3 Daemon Server] - 2025-05-18T04:30:03.366Z - [WATCHER]: horizons-export-106e6770-8cab-4af5-a077-9188795bb747-website-webhostinger/src/components/MatrixTerminal.jsx was modified
[NX v21.0.3 Daemon Server] - 2025-05-18T04:30:03.367Z - Time taken for 'hash changed files from watcher' 2.5205999999307096ms
[NX v21.0.3 Daemon Server] - 2025-05-18T04:30:03.421Z - [WATCHER]: 0 file(s) created or restored, 2 file(s) modified, 0 file(s) deleted
[NX v21.0.3 Daemon Server] - 2025-05-18T04:30:03.422Z - [WATCHER]: Processing file changes in outputs
[NX v21.0.3 Daemon Server] - 2025-05-18T04:30:03.647Z - [REQUEST]: Responding to the client. handleHashGlob
[NX v21.0.3 Daemon Server] - 2025-05-18T04:30:03.676Z - Done responding to the client handleHashGlob
[NX v21.0.3 Daemon Server] - 2025-05-18T04:30:03.676Z - Handled HASH_GLOB. Handling time: 23. Response time: 29.
[NX v21.0.3 Daemon Server] - 2025-05-18T04:30:03.692Z - [WATCHER]: horizons-export-106e6770-8cab-4af5-a077-9188795bb747-website-webhostinger/src/components/ui/dialog.jsx was modified
[NX v21.0.3 Daemon Server] - 2025-05-18T04:30:03.694Z - [WATCHER]: Processing file changes in outputs
[NX v21.0.3 Daemon Server] - 2025-05-18T04:30:03.772Z - [REQUEST]: Updated workspace context based on watched changes, recomputing project graph...
[NX v21.0.3 Daemon Server] - 2025-05-18T04:30:03.772Z - [REQUEST]: horizons-export-106e6770-8cab-4af5-a077-9188795bb747-website-webhostinger/index.html,horizons-export-106e6770-8cab-4af5-a077-9188795bb747-website-webhostinger/package.json,horizons-export-106e6770-8cab-4af5-a077-9188795bb747-website-webhostinger/package-lock.json,horizons-export-106e6770-8cab-4af5-a077-9188795bb747-website-webhostinger/tailwind.config.js,horizons-export-106e6770-8cab-4af5-a077-9188795bb747-website-webhostinger/postcss.config.js,horizons-export-106e6770-8cab-4af5-a077-9188795bb747-website-webhostinger/public/.htaccess,horizons-export-106e6770-8cab-4af5-a077-9188795bb747-website-webhostinger/vite.config.js,horizons-export-106e6770-8cab-4af5-a077-9188795bb747-website-webhostinger/src/App.jsx,horizons-export-106e6770-8cab-4af5-a077-9188795bb747-website-webhostinger/src/index.css,horizons-export-106e6770-8cab-4af5-a077-9188795bb747-website-webhostinger/src/main.jsx,horizons-export-106e6770-8cab-4af5-a077-9188795bb747-website-webhostinger/src/components/LoginDialog.jsx,horizons-export-106e6770-8cab-4af5-a077-9188795bb747-website-webhostinger/src/components/MatrixTerminal.jsx,horizons-export-106e6770-8cab-4af5-a077-9188795bb747-website-webhostinger/src/components/ui/dialog.jsx,horizons-export-106e6770-8cab-4af5-a077-9188795bb747-website-webhostinger/src/components/ui/button.jsx
[NX v21.0.3 Daemon Server] - 2025-05-18T04:30:03.772Z - [REQUEST]: 
[NX v21.0.3 Daemon Server] - 2025-05-18T04:30:03.793Z - Time taken for 'hash changed files from watcher' 5.239800000097603ms
[NX v21.0.3 Daemon Server] - 2025-05-18T04:30:03.867Z - [REQUEST]: Responding to the client. handleHashGlob
[NX v21.0.3 Daemon Server] - 2025-05-18T04:30:03.868Z - Done responding to the client handleHashGlob
[NX v21.0.3 Daemon Server] - 2025-05-18T04:30:03.869Z - Handled HASH_GLOB. Handling time: 0. Response time: 2.
[NX v21.0.3 Daemon Server] - 2025-05-18T04:30:04.083Z - [REQUEST]: Responding to the client. handleHashGlob
[NX v21.0.3 Daemon Server] - 2025-05-18T04:30:04.084Z - Done responding to the client handleHashGlob
[NX v21.0.3 Daemon Server] - 2025-05-18T04:30:04.084Z - Handled HASH_GLOB. Handling time: 1. Response time: 1.
[NX v21.0.3 Daemon Server] - 2025-05-18T04:30:04.225Z - [REQUEST]: Responding to the client. handleHashGlob
[NX v21.0.3 Daemon Server] - 2025-05-18T04:30:04.232Z - [WATCHER]: 0 file(s) created or restored, 2 file(s) modified, 0 file(s) deleted
[NX v21.0.3 Daemon Server] - 2025-05-18T04:30:04.234Z - [WATCHER]: Processing file changes in outputs
[NX v21.0.3 Daemon Server] - 2025-05-18T04:30:04.234Z - Done responding to the client handleHashGlob
[NX v21.0.3 Daemon Server] - 2025-05-18T04:30:04.234Z - Handled HASH_GLOB. Handling time: 1. Response time: 9.
[NX v21.0.3 Daemon Server] - 2025-05-18T04:30:04.253Z - [REQUEST]: Responding to the client. handleHashGlob
[NX v21.0.3 Daemon Server] - 2025-05-18T04:30:04.257Z - Done responding to the client handleHashGlob
[NX v21.0.3 Daemon Server] - 2025-05-18T04:30:04.257Z - Handled HASH_GLOB. Handling time: 16. Response time: 4.
[NX v21.0.3 Daemon Server] - 2025-05-18T04:30:04.267Z - [WATCHER]: Processing file changes in outputs
[NX v21.0.3 Daemon Server] - 2025-05-18T04:30:04.273Z - [WATCHER]: 0 file(s) created or restored, 3 file(s) modified, 0 file(s) deleted
[NX v21.0.3 Daemon Server] - 2025-05-18T04:30:04.295Z - [REQUEST]: Responding to the client. handleHashGlob
[NX v21.0.3 Daemon Server] - 2025-05-18T04:30:04.297Z - Done responding to the client handleHashGlob
[NX v21.0.3 Daemon Server] - 2025-05-18T04:30:04.297Z - Handled HASH_GLOB. Handling time: 1. Response time: 2.
[NX v21.0.3 Daemon Server] - 2025-05-18T04:30:04.633Z - [REQUEST]: Responding to the client. handleHashMultiGlob
[NX v21.0.3 Daemon Server] - 2025-05-18T04:30:04.634Z - Done responding to the client handleHashMultiGlob
[NX v21.0.3 Daemon Server] - 2025-05-18T04:30:04.634Z - Handled HASH_GLOB. Handling time: 1. Response time: 1.
[NX v21.0.3 Daemon Server] - 2025-05-18T04:30:04.647Z - [REQUEST]: Responding to the client. handleHashMultiGlob
[NX v21.0.3 Daemon Server] - 2025-05-18T04:30:04.648Z - Done responding to the client handleHashMultiGlob
[NX v21.0.3 Daemon Server] - 2025-05-18T04:30:04.648Z - Handled HASH_GLOB. Handling time: 1. Response time: 1.
[NX v21.0.3 Daemon Server] - 2025-05-18T04:30:04.654Z - [REQUEST]: Responding to the client. handleHashMultiGlob
[NX v21.0.3 Daemon Server] - 2025-05-18T04:30:04.654Z - Done responding to the client handleHashMultiGlob
[NX v21.0.3 Daemon Server] - 2025-05-18T04:30:04.654Z - Handled HASH_GLOB. Handling time: 1. Response time: 0.
[NX v21.0.3 Daemon Server] - 2025-05-18T04:30:04.976Z - [REQUEST]: Responding to the client. handleGlob
[NX v21.0.3 Daemon Server] - 2025-05-18T04:30:04.977Z - Done responding to the client handleGlob
[NX v21.0.3 Daemon Server] - 2025-05-18T04:30:04.977Z - Handled GLOB. Handling time: 13. Response time: 1.
[NX v21.0.3 Daemon Server] - 2025-05-18T04:30:05.007Z - [REQUEST]: Responding to the client. handleGlob
[NX v21.0.3 Daemon Server] - 2025-05-18T04:30:05.009Z - Done responding to the client handleGlob
[NX v21.0.3 Daemon Server] - 2025-05-18T04:30:05.009Z - Handled GLOB. Handling time: 1. Response time: 2.
[NX v21.0.3 Daemon Server] - 2025-05-18T04:30:05.014Z - [REQUEST]: Responding to the client. handleGlob
[NX v21.0.3 Daemon Server] - 2025-05-18T04:30:05.015Z - Done responding to the client handleGlob
[NX v21.0.3 Daemon Server] - 2025-05-18T04:30:05.015Z - Handled GLOB. Handling time: 1. Response time: 1.
[NX v21.0.3 Daemon Server] - 2025-05-18T04:30:05.089Z - [REQUEST]: Responding to the client. handleHashMultiGlob
[NX v21.0.3 Daemon Server] - 2025-05-18T04:30:05.111Z - [REQUEST]: Updated workspace context based on watched changes, recomputing project graph...
[NX v21.0.3 Daemon Server] - 2025-05-18T04:30:05.112Z - [REQUEST]: horizons-export-106e6770-8cab-4af5-a077-9188795bb747-website-webhostinger/index.html,horizons-export-106e6770-8cab-4af5-a077-9188795bb747-website-webhostinger/package.json,horizons-export-106e6770-8cab-4af5-a077-9188795bb747-website-webhostinger/package-lock.json,horizons-export-106e6770-8cab-4af5-a077-9188795bb747-website-webhostinger/tailwind.config.js,horizons-export-106e6770-8cab-4af5-a077-9188795bb747-website-webhostinger/postcss.config.js,horizons-export-106e6770-8cab-4af5-a077-9188795bb747-website-webhostinger/public/.htaccess,horizons-export-106e6770-8cab-4af5-a077-9188795bb747-website-webhostinger/vite.config.js,horizons-export-106e6770-8cab-4af5-a077-9188795bb747-website-webhostinger/src/App.jsx,horizons-export-106e6770-8cab-4af5-a077-9188795bb747-website-webhostinger/src/index.css,horizons-export-106e6770-8cab-4af5-a077-9188795bb747-website-webhostinger/src/main.jsx,horizons-export-106e6770-8cab-4af5-a077-9188795bb747-website-webhostinger/src/components/LoginDialog.jsx,horizons-export-106e6770-8cab-4af5-a077-9188795bb747-website-webhostinger/src/components/MatrixTerminal.jsx,horizons-export-106e6770-8cab-4af5-a077-9188795bb747-website-webhostinger/src/components/ui/dialog.jsx,horizons-export-106e6770-8cab-4af5-a077-9188795bb747-website-webhostinger/src/components/ui/button.jsx,horizons-export-106e6770-8cab-4af5-a077-9188795bb747-website-webhostinger/src/components/ui/input.jsx,horizons-export-106e6770-8cab-4af5-a077-9188795bb747-website-webhostinger/src/components/ui/toast.jsx,horizons-export-106e6770-8cab-4af5-a077-9188795bb747-website-webhostinger/src/components/ui/toaster.jsx,horizons-export-106e6770-8cab-4af5-a077-9188795bb747-website-webhostinger/src/components/ui/use-toast.js,horizons-export-106e6770-8cab-4af5-a077-9188795bb747-website-webhostinger/src/lib/utils.js
[NX v21.0.3 Daemon Server] - 2025-05-18T04:30:05.112Z - [REQUEST]: 
[NX v21.0.3 Daemon Server] - 2025-05-18T04:30:05.154Z - Done responding to the client handleHashMultiGlob
[NX v21.0.3 Daemon Server] - 2025-05-18T04:30:05.154Z - Handled HASH_GLOB. Handling time: 66. Response time: 65.
[NX v21.0.3 Daemon Server] - 2025-05-18T04:30:05.162Z - [REQUEST]: Responding to the client. handleHashMultiGlob
[NX v21.0.3 Daemon Server] - 2025-05-18T04:30:05.167Z - [REQUEST]: Responding to the client. handleHashGlob
[NX v21.0.3 Daemon Server] - 2025-05-18T04:30:05.193Z - [REQUEST]: Responding to the client. handleHashMultiGlob
[NX v21.0.3 Daemon Server] - 2025-05-18T04:30:05.194Z - Time taken for 'hash changed files from watcher' 20.161600000225008ms
[NX v21.0.3 Daemon Server] - 2025-05-18T04:30:05.196Z - Done responding to the client handleHashMultiGlob
[NX v21.0.3 Daemon Server] - 2025-05-18T04:30:05.196Z - Handled HASH_GLOB. Handling time: 5. Response time: 34.
[NX v21.0.3 Daemon Server] - 2025-05-18T04:30:05.196Z - Done responding to the client handleHashGlob
[NX v21.0.3 Daemon Server] - 2025-05-18T04:30:05.197Z - Handled HASH_GLOB. Handling time: 2. Response time: 30.
[NX v21.0.3 Daemon Server] - 2025-05-18T04:30:05.204Z - Done responding to the client handleHashMultiGlob
[NX v21.0.3 Daemon Server] - 2025-05-18T04:30:05.205Z - Handled HASH_GLOB. Handling time: 4. Response time: 11.
[NX v21.0.3 Daemon Server] - 2025-05-18T04:30:05.213Z - [REQUEST]: Responding to the client. handleHashGlob
[NX v21.0.3 Daemon Server] - 2025-05-18T04:30:05.213Z - Done responding to the client handleHashGlob
[NX v21.0.3 Daemon Server] - 2025-05-18T04:30:05.214Z - Handled HASH_GLOB. Handling time: 0. Response time: 2.
[NX v21.0.3 Daemon Server] - 2025-05-18T04:30:05.763Z - Time taken for 'build-project-configs' 547.0036999997683ms
[NX v21.0.3 Daemon Server] - 2025-05-18T04:30:05.770Z - [REQUEST]: Responding to the client. handleHashMultiGlob
[NX v21.0.3 Daemon Server] - 2025-05-18T04:30:05.772Z - Done responding to the client handleHashMultiGlob
[NX v21.0.3 Daemon Server] - 2025-05-18T04:30:05.773Z - Handled HASH_GLOB. Handling time: 3. Response time: 3.
[NX v21.0.3 Daemon Server] - 2025-05-18T04:30:05.810Z - Time taken for '@nx/js/typescript:createDependencies' 42.31550000002608ms
[NX v21.0.3 Daemon Server] - 2025-05-18T04:30:06.053Z - Time taken for 'build-project-configs' 817.836799999699ms
[NX v21.0.3 Daemon Server] - 2025-05-18T04:30:06.062Z - [REQUEST]: Responding to the client. handleGlob
[NX v21.0.3 Daemon Server] - 2025-05-18T04:30:06.064Z - Done responding to the client handleGlob
[NX v21.0.3 Daemon Server] - 2025-05-18T04:30:06.064Z - Handled GLOB. Handling time: 6. Response time: 2.
[NX v21.0.3 Daemon Server] - 2025-05-18T04:30:06.064Z - Time taken for '@nx/js/typescript:createDependencies' 22.23519999999553ms
[NX v21.0.3 Daemon Server] - 2025-05-18T04:30:06.200Z - Time taken for 'build-project-configs' 1062.1052999999374ms
[NX v21.0.3 Daemon Server] - 2025-05-18T04:30:06.207Z - [REQUEST]: Responding to the client. handleHashMultiGlob
[NX v21.0.3 Daemon Server] - 2025-05-18T04:30:06.209Z - Done responding to the client handleHashMultiGlob
[NX v21.0.3 Daemon Server] - 2025-05-18T04:30:06.209Z - Handled HASH_GLOB. Handling time: 4. Response time: 2.
[NX v21.0.3 Daemon Server] - 2025-05-18T04:30:06.209Z - Time taken for '@nx/js/typescript:createDependencies' 20.222300000023097ms
[NX v21.0.3 Daemon Server] - 2025-05-18T04:30:06.513Z - Time taken for 'build-project-configs' 1376.1773999999277ms
[NX v21.0.3 Daemon Server] - 2025-05-18T04:30:06.518Z - Time taken for '@nx/js/typescript:createDependencies' 16.076700000092387ms
[NX v21.0.3 Daemon Server] - 2025-05-18T04:30:07.485Z - [SYNC]: collect registered sync generators
[NX v21.0.3 Daemon Server] - 2025-05-18T04:30:07.488Z - [SYNC]: nx.json hash is the same, not collecting global sync generators
[NX v21.0.3 Daemon Server] - 2025-05-18T04:30:07.488Z - [SYNC]: scheduling: ["@nx/js:typescript-sync"]
[NX v21.0.3 Daemon Server] - 2025-05-18T04:30:07.489Z - Time taken for 'total execution time for createProjectGraph()' 920.8904000003822ms
[NX v21.0.3 Daemon Server] - 2025-05-18T04:30:07.629Z - [SYNC]: collect registered sync generators
[NX v21.0.3 Daemon Server] - 2025-05-18T04:30:07.630Z - [SYNC]: project graph hash is the same, not collecting task sync generators
[NX v21.0.3 Daemon Server] - 2025-05-18T04:30:07.631Z - [SYNC]: nx.json hash is the same, not collecting global sync generators
[NX v21.0.3 Daemon Server] - 2025-05-18T04:30:07.631Z - [SYNC]: scheduling: ["@nx/js:typescript-sync"]
[NX v21.0.3 Daemon Server] - 2025-05-18T04:30:07.631Z - Time taken for 'total execution time for createProjectGraph()' 1072.8371000001207ms
[NX v21.0.3 Daemon Server] - 2025-05-18T04:30:08.006Z - [SYNC]: collect registered sync generators
[NX v21.0.3 Daemon Server] - 2025-05-18T04:30:08.007Z - [SYNC]: project graph hash is the same, not collecting task sync generators
[NX v21.0.3 Daemon Server] - 2025-05-18T04:30:08.008Z - [SYNC]: nx.json hash is the same, not collecting global sync generators
[NX v21.0.3 Daemon Server] - 2025-05-18T04:30:08.008Z - [SYNC]: scheduling: ["@nx/js:typescript-sync"]
[NX v21.0.3 Daemon Server] - 2025-05-18T04:30:08.008Z - [SYNC]: collect registered sync generators
[NX v21.0.3 Daemon Server] - 2025-05-18T04:30:08.009Z - [SYNC]: project graph hash is the same, not collecting task sync generators
[NX v21.0.3 Daemon Server] - 2025-05-18T04:30:08.009Z - [SYNC]: nx.json hash is the same, not collecting global sync generators
[NX v21.0.3 Daemon Server] - 2025-05-18T04:30:08.009Z - [SYNC]: scheduling: ["@nx/js:typescript-sync"]
[NX v21.0.3 Daemon Server] - 2025-05-18T04:30:08.009Z - Time taken for 'total execution time for createProjectGraph()' 1436.8375000003725ms
[NX v21.0.3 Daemon Server] - 2025-05-18T04:30:08.010Z - [SYNC]: running scheduled generator @nx/js:typescript-sync
[NX v21.0.3 Daemon Server] - 2025-05-18T04:30:08.050Z - [REQUEST]: Client Request for Project Graph Received
[NX v21.0.3 Daemon Server] - 2025-05-18T04:30:08.052Z - [REQUEST]: Responding to the client. project-graph
[NX v21.0.3 Daemon Server] - 2025-05-18T04:30:08.053Z - Time taken for 'total for creating and serializing project graph' 1.3827999997884035ms
[NX v21.0.3 Daemon Server] - 2025-05-18T04:30:08.079Z - [SYNC]: @nx/js:typescript-sync changes: 
[NX v21.0.3 Daemon Server] - 2025-05-18T04:30:08.079Z - Time taken for 'run-sync-generator:@nx/js:typescript-sync' 68.45019999984652ms
[NX v21.0.3 Daemon Server] - 2025-05-18T04:30:08.087Z - Done responding to the client project-graph
[NX v21.0.3 Daemon Server] - 2025-05-18T04:30:08.087Z - Handled REQUEST_PROJECT_GRAPH. Handling time: 2. Response time: 35.
[NX v21.0.3 Daemon Server] - 2025-05-18T04:30:10.869Z - [WATCHER]: horizons-export-106e6770-8cab-4af5-a077-9188795bb747-website-webhostinger was deleted
[NX v21.0.3 Daemon Server] - 2025-05-18T04:30:10.869Z - [WATCHER]: Processing file changes in outputs
[NX v21.0.3 Daemon Server] - 2025-05-18T04:30:10.976Z - [REQUEST]: Updated workspace context based on watched changes, recomputing project graph...
[NX v21.0.3 Daemon Server] - 2025-05-18T04:30:10.976Z - [REQUEST]: 
[NX v21.0.3 Daemon Server] - 2025-05-18T04:30:10.976Z - [REQUEST]: horizons-export-106e6770-8cab-4af5-a077-9188795bb747-website-webhostinger
[NX v21.0.3 Daemon Server] - 2025-05-18T04:30:11.023Z - [REQUEST]: Responding to the client. handleHashGlob
[NX v21.0.3 Daemon Server] - 2025-05-18T04:30:11.028Z - [REQUEST]: Responding to the client. handleGlob
[NX v21.0.3 Daemon Server] - 2025-05-18T04:30:11.032Z - [REQUEST]: Responding to the client. handleHashMultiGlob
[NX v21.0.3 Daemon Server] - 2025-05-18T04:30:11.033Z - Time taken for 'hash changed files from watcher' 0.24579999968409538ms
[NX v21.0.3 Daemon Server] - 2025-05-18T04:30:11.035Z - Done responding to the client handleHashGlob
[NX v21.0.3 Daemon Server] - 2025-05-18T04:30:11.035Z - Handled HASH_GLOB. Handling time: 2. Response time: 12.
[NX v21.0.3 Daemon Server] - 2025-05-18T04:30:11.036Z - Done responding to the client handleGlob
[NX v21.0.3 Daemon Server] - 2025-05-18T04:30:11.036Z - Handled GLOB. Handling time: 2. Response time: 8.
[NX v21.0.3 Daemon Server] - 2025-05-18T04:30:11.040Z - [REQUEST]: Responding to the client. handleHashMultiGlob
[NX v21.0.3 Daemon Server] - 2025-05-18T04:30:11.045Z - [REQUEST]: Responding to the client. handleHashGlob
[NX v21.0.3 Daemon Server] - 2025-05-18T04:30:11.046Z - Done responding to the client handleHashMultiGlob
[NX v21.0.3 Daemon Server] - 2025-05-18T04:30:11.046Z - Handled HASH_GLOB. Handling time: 0. Response time: 14.
[NX v21.0.3 Daemon Server] - 2025-05-18T04:30:11.047Z - Done responding to the client handleHashMultiGlob
[NX v21.0.3 Daemon Server] - 2025-05-18T04:30:11.047Z - Handled HASH_GLOB. Handling time: 1. Response time: 7.
[NX v21.0.3 Daemon Server] - 2025-05-18T04:30:11.047Z - Done responding to the client handleHashGlob
[NX v21.0.3 Daemon Server] - 2025-05-18T04:30:11.048Z - Handled HASH_GLOB. Handling time: 2. Response time: 3.
[NX v21.0.3 Daemon Server] - 2025-05-18T04:30:11.102Z - Time taken for 'build-project-configs' 91.8202999997884ms
[NX v21.0.3 Daemon Server] - 2025-05-18T04:30:11.104Z - Time taken for '@nx/js/typescript:createDependencies' 15.132599999662489ms
[NX v21.0.3 Daemon Server] - 2025-05-18T04:30:11.268Z - [SYNC]: collect registered sync generators
[NX v21.0.3 Daemon Server] - 2025-05-18T04:30:11.269Z - [SYNC]: nx.json hash is the same, not collecting global sync generators
[NX v21.0.3 Daemon Server] - 2025-05-18T04:30:11.270Z - [SYNC]: scheduling: ["@nx/js:typescript-sync"]
[NX v21.0.3 Daemon Server] - 2025-05-18T04:30:11.270Z - Time taken for 'total execution time for createProjectGraph()' 133.80239999992773ms
[NX v21.0.3 Daemon Server] - 2025-05-18T04:30:12.076Z - [SYNC]: running scheduled generator @nx/js:typescript-sync
[NX v21.0.3 Daemon Server] - 2025-05-18T04:30:12.083Z - [REQUEST]: Client Request for Project Graph Received
[NX v21.0.3 Daemon Server] - 2025-05-18T04:30:12.085Z - [REQUEST]: Responding to the client. project-graph
[NX v21.0.3 Daemon Server] - 2025-05-18T04:30:12.086Z - Time taken for 'total for creating and serializing project graph' 1.3796999999321997ms
[NX v21.0.3 Daemon Server] - 2025-05-18T04:30:12.106Z - [SYNC]: @nx/js:typescript-sync changes: 
[NX v21.0.3 Daemon Server] - 2025-05-18T04:30:12.107Z - Time taken for 'run-sync-generator:@nx/js:typescript-sync' 29.841599999926984ms
[NX v21.0.3 Daemon Server] - 2025-05-18T04:30:12.107Z - Done responding to the client project-graph
[NX v21.0.3 Daemon Server] - 2025-05-18T04:30:12.108Z - Handled REQUEST_PROJECT_GRAPH. Handling time: 2. Response time: 23.
[NX v21.0.3 Daemon Server] - 2025-05-18T04:30:15.624Z - [WATCHER]: 0 file(s) created or restored, 19 file(s) modified, 0 file(s) deleted
[NX v21.0.3 Daemon Server] - 2025-05-18T04:30:15.643Z - [WATCHER]: Processing file changes in outputs
[NX v21.0.3 Daemon Server] - 2025-05-18T04:30:15.868Z - [REQUEST]: Updated workspace context based on watched changes, recomputing project graph...
[NX v21.0.3 Daemon Server] - 2025-05-18T04:30:15.869Z - [REQUEST]: horizons-export-106e6770-8cab-4af5-a077-9188795bb747-website-webhostinger/package.json,horizons-export-106e6770-8cab-4af5-a077-9188795bb747-website-webhostinger/index.html,horizons-export-106e6770-8cab-4af5-a077-9188795bb747-website-webhostinger/src/components/ui/dialog.jsx,horizons-export-106e6770-8cab-4af5-a077-9188795bb747-website-webhostinger/src/App.jsx,horizons-export-106e6770-8cab-4af5-a077-9188795bb747-website-webhostinger/postcss.config.js,horizons-export-106e6770-8cab-4af5-a077-9188795bb747-website-webhostinger/src/lib/utils.js,horizons-export-106e6770-8cab-4af5-a077-9188795bb747-website-webhostinger/src/main.jsx,horizons-export-106e6770-8cab-4af5-a077-9188795bb747-website-webhostinger/src/components/LoginDialog.jsx,horizons-export-106e6770-8cab-4af5-a077-9188795bb747-website-webhostinger/public/.htaccess,horizons-export-106e6770-8cab-4af5-a077-9188795bb747-website-webhostinger/src/index.css,horizons-export-106e6770-8cab-4af5-a077-9188795bb747-website-webhostinger/src/components/ui/use-toast.js,horizons-export-106e6770-8cab-4af5-a077-9188795bb747-website-webhostinger/src/components/ui/toaster.jsx,horizons-export-106e6770-8cab-4af5-a077-9188795bb747-website-webhostinger/vite.config.js,horizons-export-106e6770-8cab-4af5-a077-9188795bb747-website-webhostinger/package-lock.json,horizons-export-106e6770-8cab-4af5-a077-9188795bb747-website-webhostinger/tailwind.config.js,horizons-export-106e6770-8cab-4af5-a077-9188795bb747-website-webhostinger/src/components/ui/input.jsx,horizons-export-106e6770-8cab-4af5-a077-9188795bb747-website-webhostinger/src/components/MatrixTerminal.jsx,horizons-export-106e6770-8cab-4af5-a077-9188795bb747-website-webhostinger/src/components/ui/button.jsx,horizons-export-106e6770-8cab-4af5-a077-9188795bb747-website-webhostinger/src/components/ui/toast.jsx
[NX v21.0.3 Daemon Server] - 2025-05-18T04:30:15.869Z - [REQUEST]: 
[NX v21.0.3 Daemon Server] - 2025-05-18T04:30:15.934Z - [REQUEST]: Responding to the client. handleHashGlob
[NX v21.0.3 Daemon Server] - 2025-05-18T04:30:15.944Z - [REQUEST]: Responding to the client. handleHashGlob
[NX v21.0.3 Daemon Server] - 2025-05-18T04:30:15.959Z - [REQUEST]: Responding to the client. handleGlob
[NX v21.0.3 Daemon Server] - 2025-05-18T04:30:15.966Z - [REQUEST]: Responding to the client. handleHashMultiGlob
[NX v21.0.3 Daemon Server] - 2025-05-18T04:30:15.967Z - Time taken for 'hash changed files from watcher' 124.05220000026748ms
[NX v21.0.3 Daemon Server] - 2025-05-18T04:30:15.968Z - Done responding to the client handleHashGlob
[NX v21.0.3 Daemon Server] - 2025-05-18T04:30:15.969Z - Handled HASH_GLOB. Handling time: 13. Response time: 35.
[NX v21.0.3 Daemon Server] - 2025-05-18T04:30:15.977Z - Done responding to the client handleHashGlob
[NX v21.0.3 Daemon Server] - 2025-05-18T04:30:15.977Z - Handled HASH_GLOB. Handling time: 1. Response time: 33.
[NX v21.0.3 Daemon Server] - 2025-05-18T04:30:15.978Z - Done responding to the client handleGlob
[NX v21.0.3 Daemon Server] - 2025-05-18T04:30:15.978Z - Handled GLOB. Handling time: 9. Response time: 19.
[NX v21.0.3 Daemon Server] - 2025-05-18T04:30:15.987Z - [REQUEST]: Responding to the client. handleHashMultiGlob
[NX v21.0.3 Daemon Server] - 2025-05-18T04:30:15.988Z - Done responding to the client handleHashMultiGlob
[NX v21.0.3 Daemon Server] - 2025-05-18T04:30:15.988Z - Handled HASH_GLOB. Handling time: 4. Response time: 22.
[NX v21.0.3 Daemon Server] - 2025-05-18T04:30:15.994Z - Done responding to the client handleHashMultiGlob
[NX v21.0.3 Daemon Server] - 2025-05-18T04:30:15.994Z - Handled HASH_GLOB. Handling time: 6. Response time: 7.
[NX v21.0.3 Daemon Server] - 2025-05-18T04:30:16.035Z - Time taken for 'build-project-configs' 113.50570000009611ms
[NX v21.0.3 Daemon Server] - 2025-05-18T04:30:16.037Z - Time taken for '@nx/js/typescript:createDependencies' 24.021399999968708ms
[NX v21.0.3 Daemon Server] - 2025-05-18T04:30:16.268Z - [SYNC]: collect registered sync generators
[NX v21.0.3 Daemon Server] - 2025-05-18T04:30:16.270Z - [SYNC]: nx.json hash is the same, not collecting global sync generators
[NX v21.0.3 Daemon Server] - 2025-05-18T04:30:16.270Z - [SYNC]: scheduling: ["@nx/js:typescript-sync"]
[NX v21.0.3 Daemon Server] - 2025-05-18T04:30:16.270Z - Time taken for 'total execution time for createProjectGraph()' 226.05750000011176ms
[NX v21.0.3 Daemon Server] - 2025-05-18T04:30:17.885Z - [SYNC]: running scheduled generator @nx/js:typescript-sync
[NX v21.0.3 Daemon Server] - 2025-05-18T04:30:17.894Z - [REQUEST]: Client Request for Project Graph Received
[NX v21.0.3 Daemon Server] - 2025-05-18T04:30:17.896Z - [REQUEST]: Responding to the client. project-graph
[NX v21.0.3 Daemon Server] - 2025-05-18T04:30:17.898Z - Time taken for 'total for creating and serializing project graph' 1.5896999998949468ms
[NX v21.0.3 Daemon Server] - 2025-05-18T04:30:17.917Z - [SYNC]: @nx/js:typescript-sync changes: 
[NX v21.0.3 Daemon Server] - 2025-05-18T04:30:17.918Z - Time taken for 'run-sync-generator:@nx/js:typescript-sync' 31.824999999720603ms
[NX v21.0.3 Daemon Server] - 2025-05-18T04:30:17.919Z - Done responding to the client project-graph
[NX v21.0.3 Daemon Server] - 2025-05-18T04:30:17.919Z - Handled REQUEST_PROJECT_GRAPH. Handling time: 2. Response time: 23.
[NX v21.0.3 Daemon Server] - 2025-05-18T04:30:52.923Z - [WATCHER]: Processing file changes in outputs
[NX v21.0.3 Daemon Server] - 2025-05-18T04:30:52.929Z - [WATCHER]: horizons-export-106e6770-8cab-4af5-a077-9188795bb747-website-webhostinger was deleted
[NX v21.0.3 Daemon Server] - 2025-05-18T04:30:53.041Z - [REQUEST]: Updated workspace context based on watched changes, recomputing project graph...
[NX v21.0.3 Daemon Server] - 2025-05-18T04:30:53.041Z - [REQUEST]: 
[NX v21.0.3 Daemon Server] - 2025-05-18T04:30:53.041Z - [REQUEST]: horizons-export-106e6770-8cab-4af5-a077-9188795bb747-website-webhostinger
[NX v21.0.3 Daemon Server] - 2025-05-18T04:30:53.105Z - [REQUEST]: Responding to the client. handleHashGlob
[NX v21.0.3 Daemon Server] - 2025-05-18T04:30:53.111Z - [REQUEST]: Responding to the client. handleGlob
[NX v21.0.3 Daemon Server] - 2025-05-18T04:30:53.115Z - [REQUEST]: Responding to the client. handleHashMultiGlob
[NX v21.0.3 Daemon Server] - 2025-05-18T04:30:53.116Z - Time taken for 'hash changed files from watcher' 0.34690000023692846ms
[NX v21.0.3 Daemon Server] - 2025-05-18T04:30:53.128Z - Done responding to the client handleHashGlob
[NX v21.0.3 Daemon Server] - 2025-05-18T04:30:53.128Z - Handled HASH_GLOB. Handling time: 26. Response time: 23.
[NX v21.0.3 Daemon Server] - 2025-05-18T04:30:53.129Z - Done responding to the client handleGlob
[NX v21.0.3 Daemon Server] - 2025-05-18T04:30:53.129Z - Handled GLOB. Handling time: 3. Response time: 18.
[NX v21.0.3 Daemon Server] - 2025-05-18T04:30:53.134Z - [REQUEST]: Responding to the client. handleHashMultiGlob
[NX v21.0.3 Daemon Server] - 2025-05-18T04:30:53.134Z - Done responding to the client handleHashMultiGlob
[NX v21.0.3 Daemon Server] - 2025-05-18T04:30:53.134Z - Handled HASH_GLOB. Handling time: 1. Response time: 19.
[NX v21.0.3 Daemon Server] - 2025-05-18T04:30:53.136Z - Done responding to the client handleHashMultiGlob
[NX v21.0.3 Daemon Server] - 2025-05-18T04:30:53.136Z - Handled HASH_GLOB. Handling time: 2. Response time: 2.
[NX v21.0.3 Daemon Server] - 2025-05-18T04:30:53.149Z - [REQUEST]: Responding to the client. handleHashGlob
[NX v21.0.3 Daemon Server] - 2025-05-18T04:30:53.150Z - Done responding to the client handleHashGlob
[NX v21.0.3 Daemon Server] - 2025-05-18T04:30:53.151Z - Handled HASH_GLOB. Handling time: 6. Response time: 2.
[NX v21.0.3 Daemon Server] - 2025-05-18T04:30:53.191Z - Time taken for 'build-project-configs' 111.39700000034645ms
[NX v21.0.3 Daemon Server] - 2025-05-18T04:30:53.194Z - Time taken for '@nx/js/typescript:createDependencies' 16.030799999833107ms
[NX v21.0.3 Daemon Server] - 2025-05-18T04:30:53.442Z - [SYNC]: collect registered sync generators
[NX v21.0.3 Daemon Server] - 2025-05-18T04:30:53.444Z - [SYNC]: nx.json hash is the same, not collecting global sync generators
[NX v21.0.3 Daemon Server] - 2025-05-18T04:30:53.444Z - [SYNC]: scheduling: ["@nx/js:typescript-sync"]
[NX v21.0.3 Daemon Server] - 2025-05-18T04:30:53.444Z - Time taken for 'total execution time for createProjectGraph()' 129.01759999990463ms
[NX v21.0.3 Daemon Server] - 2025-05-18T04:30:56.653Z - [SYNC]: running scheduled generator @nx/js:typescript-sync
[NX v21.0.3 Daemon Server] - 2025-05-18T04:30:56.671Z - [REQUEST]: Client Request for Project Graph Received
[NX v21.0.3 Daemon Server] - 2025-05-18T04:30:56.675Z - [REQUEST]: Responding to the client. project-graph
[NX v21.0.3 Daemon Server] - 2025-05-18T04:30:56.676Z - Time taken for 'total for creating and serializing project graph' 3.877299999818206ms
[NX v21.0.3 Daemon Server] - 2025-05-18T04:30:56.743Z - [SYNC]: @nx/js:typescript-sync changes: 
[NX v21.0.3 Daemon Server] - 2025-05-18T04:30:56.743Z - Time taken for 'run-sync-generator:@nx/js:typescript-sync' 89.05509999999776ms
[NX v21.0.3 Daemon Server] - 2025-05-18T04:30:56.744Z - Done responding to the client project-graph
[NX v21.0.3 Daemon Server] - 2025-05-18T04:30:56.744Z - Handled REQUEST_PROJECT_GRAPH. Handling time: 4. Response time: 69.
[NX v21.0.3 Daemon Server] - 2025-05-18T04:32:26.191Z - [WATCHER]: Processing file changes in outputs
[NX v21.0.3 Daemon Server] - 2025-05-18T04:32:26.232Z - [WATCHER]: metashark.tec-container was deleted
[NX v21.0.3 Daemon Server] - 2025-05-18T04:32:26.374Z - [REQUEST]: Updated workspace context based on watched changes, recomputing project graph...
[NX v21.0.3 Daemon Server] - 2025-05-18T04:32:26.374Z - [REQUEST]: 
[NX v21.0.3 Daemon Server] - 2025-05-18T04:32:26.374Z - [REQUEST]: metashark.tec-container
[NX v21.0.3 Daemon Server] - 2025-05-18T04:32:26.416Z - [REQUEST]: Responding to the client. handleHashGlob
[NX v21.0.3 Daemon Server] - 2025-05-18T04:32:26.422Z - [REQUEST]: Responding to the client. handleGlob
[NX v21.0.3 Daemon Server] - 2025-05-18T04:32:26.423Z - Time taken for 'hash changed files from watcher' 0.7146999998949468ms
[NX v21.0.3 Daemon Server] - 2025-05-18T04:32:26.424Z - Done responding to the client handleHashGlob
[NX v21.0.3 Daemon Server] - 2025-05-18T04:32:26.424Z - Handled HASH_GLOB. Handling time: 1. Response time: 8.
[NX v21.0.3 Daemon Server] - 2025-05-18T04:32:26.425Z - Done responding to the client handleGlob
[NX v21.0.3 Daemon Server] - 2025-05-18T04:32:26.425Z - Handled GLOB. Handling time: 2. Response time: 3.
[NX v21.0.3 Daemon Server] - 2025-05-18T04:32:26.438Z - [REQUEST]: Responding to the client. handleHashMultiGlob
[NX v21.0.3 Daemon Server] - 2025-05-18T04:32:26.443Z - [REQUEST]: Responding to the client. handleHashMultiGlob
[NX v21.0.3 Daemon Server] - 2025-05-18T04:32:26.444Z - Done responding to the client handleHashMultiGlob
[NX v21.0.3 Daemon Server] - 2025-05-18T04:32:26.444Z - Handled HASH_GLOB. Handling time: 10. Response time: 6.
[NX v21.0.3 Daemon Server] - 2025-05-18T04:32:26.448Z - Done responding to the client handleHashMultiGlob
[NX v21.0.3 Daemon Server] - 2025-05-18T04:32:26.448Z - Handled HASH_GLOB. Handling time: 1. Response time: 5.
[NX v21.0.3 Daemon Server] - 2025-05-18T04:32:26.459Z - [REQUEST]: Responding to the client. handleHashGlob
[NX v21.0.3 Daemon Server] - 2025-05-18T04:32:26.460Z - Done responding to the client handleHashGlob
[NX v21.0.3 Daemon Server] - 2025-05-18T04:32:26.460Z - Handled HASH_GLOB. Handling time: 1. Response time: 1.
[NX v21.0.3 Daemon Server] - 2025-05-18T04:32:26.502Z - Time taken for 'build-project-configs' 103.9539999999106ms
[NX v21.0.3 Daemon Server] - 2025-05-18T04:32:26.505Z - Time taken for '@nx/js/typescript:createDependencies' 14.370399999897927ms
[NX v21.0.3 Daemon Server] - 2025-05-18T04:32:26.615Z - [SYNC]: collect registered sync generators
[NX v21.0.3 Daemon Server] - 2025-05-18T04:32:26.617Z - [SYNC]: project graph hash is the same, not collecting task sync generators
[NX v21.0.3 Daemon Server] - 2025-05-18T04:32:26.617Z - [SYNC]: nx.json hash is the same, not collecting global sync generators
[NX v21.0.3 Daemon Server] - 2025-05-18T04:32:26.617Z - [SYNC]: scheduling: ["@nx/js:typescript-sync"]
[NX v21.0.3 Daemon Server] - 2025-05-18T04:32:26.617Z - Time taken for 'total execution time for createProjectGraph()' 88.34670000011101ms
[NX v21.0.3 Daemon Server] - 2025-05-18T04:32:33.026Z - [SYNC]: running scheduled generator @nx/js:typescript-sync
[NX v21.0.3 Daemon Server] - 2025-05-18T04:32:33.036Z - [REQUEST]: Client Request for Project Graph Received
[NX v21.0.3 Daemon Server] - 2025-05-18T04:32:33.037Z - [REQUEST]: Responding to the client. project-graph
[NX v21.0.3 Daemon Server] - 2025-05-18T04:32:33.038Z - Time taken for 'total for creating and serializing project graph' 1.0967999999411404ms
[NX v21.0.3 Daemon Server] - 2025-05-18T04:32:33.055Z - [SYNC]: @nx/js:typescript-sync changes: 
[NX v21.0.3 Daemon Server] - 2025-05-18T04:32:33.055Z - Time taken for 'run-sync-generator:@nx/js:typescript-sync' 28.048599999863654ms
[NX v21.0.3 Daemon Server] - 2025-05-18T04:32:33.055Z - Done responding to the client project-graph
[NX v21.0.3 Daemon Server] - 2025-05-18T04:32:33.056Z - Handled REQUEST_PROJECT_GRAPH. Handling time: 1. Response time: 19.
[NX v21.0.3 Daemon Server] - 2025-05-18T04:32:44.126Z - [WATCHER]: Nueva carpeta (2) was deleted
[NX v21.0.3 Daemon Server] - 2025-05-18T04:32:44.127Z - [WATCHER]: Processing file changes in outputs
[NX v21.0.3 Daemon Server] - 2025-05-18T04:32:44.249Z - [REQUEST]: Updated workspace context based on watched changes, recomputing project graph...
[NX v21.0.3 Daemon Server] - 2025-05-18T04:32:44.249Z - [REQUEST]: 
[NX v21.0.3 Daemon Server] - 2025-05-18T04:32:44.249Z - [REQUEST]: Nueva carpeta (2)
[NX v21.0.3 Daemon Server] - 2025-05-18T04:32:44.280Z - [REQUEST]: Responding to the client. handleHashGlob
[NX v21.0.3 Daemon Server] - 2025-05-18T04:32:44.288Z - [REQUEST]: Responding to the client. handleHashGlob
[NX v21.0.3 Daemon Server] - 2025-05-18T04:32:44.298Z - [REQUEST]: Responding to the client. handleGlob
[NX v21.0.3 Daemon Server] - 2025-05-18T04:32:44.305Z - [REQUEST]: Responding to the client. handleHashMultiGlob
[NX v21.0.3 Daemon Server] - 2025-05-18T04:32:44.312Z - Time taken for 'hash changed files from watcher' 0.20889999996870756ms
[NX v21.0.3 Daemon Server] - 2025-05-18T04:32:44.314Z - Done responding to the client handleHashGlob
[NX v21.0.3 Daemon Server] - 2025-05-18T04:32:44.314Z - Handled HASH_GLOB. Handling time: 3. Response time: 34.
[NX v21.0.3 Daemon Server] - 2025-05-18T04:32:44.315Z - Done responding to the client handleHashGlob
[NX v21.0.3 Daemon Server] - 2025-05-18T04:32:44.315Z - Handled HASH_GLOB. Handling time: 5. Response time: 27.
[NX v21.0.3 Daemon Server] - 2025-05-18T04:32:44.315Z - Done responding to the client handleGlob
[NX v21.0.3 Daemon Server] - 2025-05-18T04:32:44.316Z - Handled GLOB. Handling time: 1. Response time: 17.
[NX v21.0.3 Daemon Server] - 2025-05-18T04:32:44.324Z - [REQUEST]: Responding to the client. handleHashMultiGlob
[NX v21.0.3 Daemon Server] - 2025-05-18T04:32:44.335Z - Done responding to the client handleHashMultiGlob
[NX v21.0.3 Daemon Server] - 2025-05-18T04:32:44.335Z - Handled HASH_GLOB. Handling time: 4. Response time: 30.
[NX v21.0.3 Daemon Server] - 2025-05-18T04:32:44.336Z - Done responding to the client handleHashMultiGlob
[NX v21.0.3 Daemon Server] - 2025-05-18T04:32:44.336Z - Handled HASH_GLOB. Handling time: 6. Response time: 12.
[NX v21.0.3 Daemon Server] - 2025-05-18T04:32:44.397Z - Time taken for 'build-project-configs' 101.91169999958947ms
[NX v21.0.3 Daemon Server] - 2025-05-18T04:32:44.399Z - Time taken for '@nx/js/typescript:createDependencies' 18.58460000017658ms
[NX v21.0.3 Daemon Server] - 2025-05-18T04:32:44.607Z - [SYNC]: collect registered sync generators
[NX v21.0.3 Daemon Server] - 2025-05-18T04:32:44.609Z - [SYNC]: project graph hash is the same, not collecting task sync generators
[NX v21.0.3 Daemon Server] - 2025-05-18T04:32:44.609Z - [SYNC]: nx.json hash is the same, not collecting global sync generators
[NX v21.0.3 Daemon Server] - 2025-05-18T04:32:44.609Z - [SYNC]: scheduling: ["@nx/js:typescript-sync"]
[NX v21.0.3 Daemon Server] - 2025-05-18T04:32:44.610Z - Time taken for 'total execution time for createProjectGraph()' 124.78819999983534ms
[NX v21.0.3 Daemon Server] - 2025-05-18T04:32:51.025Z - [SYNC]: running scheduled generator @nx/js:typescript-sync
[NX v21.0.3 Daemon Server] - 2025-05-18T04:32:51.038Z - [REQUEST]: Client Request for Project Graph Received
[NX v21.0.3 Daemon Server] - 2025-05-18T04:32:51.040Z - [REQUEST]: Responding to the client. project-graph
[NX v21.0.3 Daemon Server] - 2025-05-18T04:32:51.042Z - Time taken for 'total for creating and serializing project graph' 1.5784999998286366ms
[NX v21.0.3 Daemon Server] - 2025-05-18T04:32:51.078Z - [SYNC]: @nx/js:typescript-sync changes: 
[NX v21.0.3 Daemon Server] - 2025-05-18T04:32:51.078Z - Time taken for 'run-sync-generator:@nx/js:typescript-sync' 52.03440000023693ms
[NX v21.0.3 Daemon Server] - 2025-05-18T04:32:51.079Z - Done responding to the client project-graph
[NX v21.0.3 Daemon Server] - 2025-05-18T04:32:51.080Z - Handled REQUEST_PROJECT_GRAPH. Handling time: 2. Response time: 40.
[NX v21.0.3 Daemon Server] - 2025-05-18T04:32:54.521Z - [WATCHER]: Nueva carpeta was deleted
[NX v21.0.3 Daemon Server] - 2025-05-18T04:32:54.521Z - [WATCHER]: Processing file changes in outputs
[NX v21.0.3 Daemon Server] - 2025-05-18T04:32:54.635Z - [REQUEST]: Updated workspace context based on watched changes, recomputing project graph...
[NX v21.0.3 Daemon Server] - 2025-05-18T04:32:54.636Z - [REQUEST]: 
[NX v21.0.3 Daemon Server] - 2025-05-18T04:32:54.637Z - [REQUEST]: Nueva carpeta
[NX v21.0.3 Daemon Server] - 2025-05-18T04:32:54.673Z - [REQUEST]: Responding to the client. handleHashGlob
[NX v21.0.3 Daemon Server] - 2025-05-18T04:32:54.680Z - [REQUEST]: Responding to the client. handleHashGlob
[NX v21.0.3 Daemon Server] - 2025-05-18T04:32:54.692Z - [REQUEST]: Responding to the client. handleGlob
[NX v21.0.3 Daemon Server] - 2025-05-18T04:32:54.696Z - [REQUEST]: Responding to the client. handleHashMultiGlob
[NX v21.0.3 Daemon Server] - 2025-05-18T04:32:54.697Z - Time taken for 'hash changed files from watcher' 0.5783000001683831ms
[NX v21.0.3 Daemon Server] - 2025-05-18T04:32:54.698Z - Done responding to the client handleHashGlob
[NX v21.0.3 Daemon Server] - 2025-05-18T04:32:54.699Z - Handled HASH_GLOB. Handling time: 1. Response time: 26.
[NX v21.0.3 Daemon Server] - 2025-05-18T04:32:54.699Z - Done responding to the client handleHashGlob
[NX v21.0.3 Daemon Server] - 2025-05-18T04:32:54.700Z - Handled HASH_GLOB. Handling time: 4. Response time: 20.
[NX v21.0.3 Daemon Server] - 2025-05-18T04:32:54.700Z - Done responding to the client handleGlob
[NX v21.0.3 Daemon Server] - 2025-05-18T04:32:54.700Z - Handled GLOB. Handling time: 1. Response time: 8.
[NX v21.0.3 Daemon Server] - 2025-05-18T04:32:54.704Z - [REQUEST]: Responding to the client. handleHashMultiGlob
[NX v21.0.3 Daemon Server] - 2025-05-18T04:32:54.705Z - Done responding to the client handleHashMultiGlob
[NX v21.0.3 Daemon Server] - 2025-05-18T04:32:54.705Z - Handled HASH_GLOB. Handling time: 1. Response time: 9.
[NX v21.0.3 Daemon Server] - 2025-05-18T04:32:54.717Z - Done responding to the client handleHashMultiGlob
[NX v21.0.3 Daemon Server] - 2025-05-18T04:32:54.717Z - Handled HASH_GLOB. Handling time: 1. Response time: 13.
[NX v21.0.3 Daemon Server] - 2025-05-18T04:32:54.746Z - Time taken for 'build-project-configs' 72.45259999996051ms
[NX v21.0.3 Daemon Server] - 2025-05-18T04:32:54.749Z - Time taken for '@nx/js/typescript:createDependencies' 19.540200000163168ms
[NX v21.0.3 Daemon Server] - 2025-05-18T04:32:54.880Z - [SYNC]: collect registered sync generators
[NX v21.0.3 Daemon Server] - 2025-05-18T04:32:54.882Z - [SYNC]: project graph hash is the same, not collecting task sync generators
[NX v21.0.3 Daemon Server] - 2025-05-18T04:32:54.882Z - [SYNC]: nx.json hash is the same, not collecting global sync generators
[NX v21.0.3 Daemon Server] - 2025-05-18T04:32:54.882Z - [SYNC]: scheduling: ["@nx/js:typescript-sync"]
[NX v21.0.3 Daemon Server] - 2025-05-18T04:32:54.883Z - Time taken for 'total execution time for createProjectGraph()' 107.06920000026003ms
[NX v21.0.3 Daemon Server] - 2025-05-18T04:33:01.291Z - [SYNC]: running scheduled generator @nx/js:typescript-sync
[NX v21.0.3 Daemon Server] - 2025-05-18T04:33:01.299Z - [REQUEST]: Client Request for Project Graph Received
[NX v21.0.3 Daemon Server] - 2025-05-18T04:33:01.300Z - [REQUEST]: Responding to the client. project-graph
[NX v21.0.3 Daemon Server] - 2025-05-18T04:33:01.302Z - Time taken for 'total for creating and serializing project graph' 1.3339999997988343ms
[NX v21.0.3 Daemon Server] - 2025-05-18T04:33:01.326Z - [SYNC]: @nx/js:typescript-sync changes: 
[NX v21.0.3 Daemon Server] - 2025-05-18T04:33:01.326Z - Time taken for 'run-sync-generator:@nx/js:typescript-sync' 34.10020000021905ms
[NX v21.0.3 Daemon Server] - 2025-05-18T04:33:01.327Z - Done responding to the client project-graph
[NX v21.0.3 Daemon Server] - 2025-05-18T04:33:01.327Z - Handled REQUEST_PROJECT_GRAPH. Handling time: 2. Response time: 27.
[NX v21.0.3 Daemon Server] - 2025-05-18T04:33:58.655Z - [WATCHER]: Processing file changes in outputs
[NX v21.0.3 Daemon Server] - 2025-05-18T04:33:58.661Z - [WATCHER]: metashark.tech-hostinger was deleted
[NX v21.0.3 Daemon Server] - 2025-05-18T04:33:58.774Z - [REQUEST]: Updated workspace context based on watched changes, recomputing project graph...
[NX v21.0.3 Daemon Server] - 2025-05-18T04:33:58.774Z - [REQUEST]: 
[NX v21.0.3 Daemon Server] - 2025-05-18T04:33:58.774Z - [REQUEST]: metashark.tech-hostinger
[NX v21.0.3 Daemon Server] - 2025-05-18T04:33:58.834Z - [REQUEST]: Responding to the client. handleHashGlob
[NX v21.0.3 Daemon Server] - 2025-05-18T04:33:58.847Z - [REQUEST]: Responding to the client. handleHashGlob
[NX v21.0.3 Daemon Server] - 2025-05-18T04:33:58.851Z - [REQUEST]: Responding to the client. handleGlob
[NX v21.0.3 Daemon Server] - 2025-05-18T04:33:58.856Z - [REQUEST]: Responding to the client. handleHashMultiGlob
[NX v21.0.3 Daemon Server] - 2025-05-18T04:33:58.857Z - Time taken for 'hash changed files from watcher' 0.2384000001475215ms
[NX v21.0.3 Daemon Server] - 2025-05-18T04:33:58.867Z - Done responding to the client handleHashGlob
[NX v21.0.3 Daemon Server] - 2025-05-18T04:33:58.867Z - Handled HASH_GLOB. Handling time: 9. Response time: 33.
[NX v21.0.3 Daemon Server] - 2025-05-18T04:33:58.870Z - Done responding to the client handleHashGlob
[NX v21.0.3 Daemon Server] - 2025-05-18T04:33:58.870Z - Handled HASH_GLOB. Handling time: 1. Response time: 23.
[NX v21.0.3 Daemon Server] - 2025-05-18T04:33:58.870Z - Done responding to the client handleGlob
[NX v21.0.3 Daemon Server] - 2025-05-18T04:33:58.871Z - Handled GLOB. Handling time: 1. Response time: 20.
[NX v21.0.3 Daemon Server] - 2025-05-18T04:33:58.877Z - [REQUEST]: Responding to the client. handleHashMultiGlob
[NX v21.0.3 Daemon Server] - 2025-05-18T04:33:58.877Z - Done responding to the client handleHashMultiGlob
[NX v21.0.3 Daemon Server] - 2025-05-18T04:33:58.877Z - Handled HASH_GLOB. Handling time: 1. Response time: 21.
[NX v21.0.3 Daemon Server] - 2025-05-18T04:33:58.882Z - Done responding to the client handleHashMultiGlob
[NX v21.0.3 Daemon Server] - 2025-05-18T04:33:58.883Z - Handled HASH_GLOB. Handling time: 4. Response time: 6.
[NX v21.0.3 Daemon Server] - 2025-05-18T04:33:58.915Z - Time taken for 'build-project-configs' 106.73739999998361ms
[NX v21.0.3 Daemon Server] - 2025-05-18T04:33:58.917Z - Time taken for '@nx/js/typescript:createDependencies' 17.14089999999851ms
[NX v21.0.3 Daemon Server] - 2025-05-18T04:33:59.158Z - [SYNC]: collect registered sync generators
[NX v21.0.3 Daemon Server] - 2025-05-18T04:33:59.160Z - [SYNC]: project graph hash is the same, not collecting task sync generators
[NX v21.0.3 Daemon Server] - 2025-05-18T04:33:59.161Z - [SYNC]: nx.json hash is the same, not collecting global sync generators
[NX v21.0.3 Daemon Server] - 2025-05-18T04:33:59.161Z - [SYNC]: scheduling: ["@nx/js:typescript-sync"]
[NX v21.0.3 Daemon Server] - 2025-05-18T04:33:59.161Z - Time taken for 'total execution time for createProjectGraph()' 143.29590000025928ms
[NX v21.0.3 Daemon Server] - 2025-05-18T04:34:05.607Z - [SYNC]: running scheduled generator @nx/js:typescript-sync
[NX v21.0.3 Daemon Server] - 2025-05-18T04:34:05.630Z - [REQUEST]: Client Request for Project Graph Received
[NX v21.0.3 Daemon Server] - 2025-05-18T04:34:05.632Z - [REQUEST]: Responding to the client. project-graph
[NX v21.0.3 Daemon Server] - 2025-05-18T04:34:05.636Z - Time taken for 'total for creating and serializing project graph' 1.5050000003539026ms
[NX v21.0.3 Daemon Server] - 2025-05-18T04:34:05.769Z - [SYNC]: @nx/js:typescript-sync changes: 
[NX v21.0.3 Daemon Server] - 2025-05-18T04:34:05.769Z - Time taken for 'run-sync-generator:@nx/js:typescript-sync' 161.0238000000827ms
[NX v21.0.3 Daemon Server] - 2025-05-18T04:34:05.776Z - Done responding to the client project-graph
[NX v21.0.3 Daemon Server] - 2025-05-18T04:34:05.777Z - Handled REQUEST_PROJECT_GRAPH. Handling time: 2. Response time: 145.
[NX v21.0.3 Daemon Server] - 2025-05-18T04:34:09.326Z - Established a connection. Number of open connections: 6
[NX v21.0.3 Daemon Server] - 2025-05-18T04:34:09.327Z - Established a connection. Number of open connections: 7
[NX v21.0.3 Daemon Server] - 2025-05-18T04:34:09.327Z - Established a connection. Number of open connections: 8
[NX v21.0.3 Daemon Server] - 2025-05-18T04:34:09.328Z - Closed a connection. Number of open connections: 7
[NX v21.0.3 Daemon Server] - 2025-05-18T04:34:09.328Z - Closed a connection. Number of open connections: 6
[NX v21.0.3 Daemon Server] - 2025-05-18T04:34:09.334Z - [REQUEST]: Client Request for Project Graph Received
[NX v21.0.3 Daemon Server] - 2025-05-18T04:34:09.335Z - [REQUEST]: Responding to the client. project-graph
[NX v21.0.3 Daemon Server] - 2025-05-18T04:34:09.346Z - Time taken for 'total for creating and serializing project graph' 1.490199999883771ms
[NX v21.0.3 Daemon Server] - 2025-05-18T04:34:09.347Z - Done responding to the client project-graph
[NX v21.0.3 Daemon Server] - 2025-05-18T04:34:09.348Z - Handled REQUEST_PROJECT_GRAPH. Handling time: 1. Response time: 13.
[NX v21.0.3 Daemon Server] - 2025-05-18T04:34:09.360Z - [REQUEST]: Responding to the client. handleContextFileData
[NX v21.0.3 Daemon Server] - 2025-05-18T04:34:09.361Z - Done responding to the client handleContextFileData
[NX v21.0.3 Daemon Server] - 2025-05-18T04:34:09.361Z - Handled GET_CONTEXT_FILE_DATA. Handling time: 1. Response time: 1.
[NX v21.0.3 Daemon Server] - 2025-05-18T04:34:09.365Z - Closed a connection. Number of open connections: 5
[NX v21.0.3 Daemon Server] - 2025-05-18T04:34:16.181Z - [WATCHER]: Processing file changes in outputs
[NX v21.0.3 Daemon Server] - 2025-05-18T04:34:18.218Z - [WATCHER]: Processing file changes in outputs
[NX v21.0.3 Daemon Server] - 2025-05-18T04:34:18.219Z - Closed a connection. Number of open connections: 4
[NX v21.0.3 Daemon Server] - 2025-05-18T04:34:18.219Z - Closed a connection. Number of open connections: 3
[NX v21.0.3 Daemon Server] - 2025-05-18T04:34:18.219Z - Closed a connection. Number of open connections: 2
[NX v21.0.3 Daemon Server] - 2025-05-18T04:34:18.219Z - Closed a connection. Number of open connections: 1
[NX v21.0.3 Daemon Server] - 2025-05-18T04:34:18.220Z - Closed a connection. Number of open connections: 0
[NX v21.0.3 Daemon Server] - 2025-05-18T04:34:18.289Z - [WATCHER]: Processing file changes in outputs
[NX v21.0.3 Daemon Server] - 2025-05-18T04:34:18.367Z - [WATCHER]: Stopping the watcher for C:\Users\VAIO\apps\aaa-proyectos-propios\dfs-invest-suite-container\metashark.tech (sources)
[NX v21.0.3 Daemon Server] - 2025-05-18T04:34:18.407Z - [WATCHER]: Stopping the watcher for C:\Users\VAIO\apps\aaa-proyectos-propios\dfs-invest-suite-container\metashark.tech (sources)
[NX v21.0.3 Daemon Server] - 2025-05-18T04:34:18.487Z - [WATCHER]: Stopping the watcher for C:\Users\VAIO\apps\aaa-proyectos-propios\dfs-invest-suite-container\metashark.tech (sources)
[NX v21.0.3 Daemon Server] - 2025-05-18T04:34:18.487Z - [WATCHER]: Stopping the watcher for C:\Users\VAIO\apps\aaa-proyectos-propios\dfs-invest-suite-container\metashark.tech (outputs)
